<?xml version="1.0" encoding="UTF-8"?>
<testng-results ignored="0" total="1" passed="1" failed="0" skipped="0">
  <reporter-output>
  </reporter-output>
  <suite started-at="2023-12-06T15:00:59 UTC" name="Default suite" finished-at="2023-12-06T15:03:22 UTC" duration-ms="142870">
    <groups>
    </groups>
    <test started-at="2023-12-06T15:00:59 UTC" name="Default test" finished-at="2023-12-06T15:03:22 UTC" duration-ms="142870">
      <class name="functional_Test_Cases.AWC008_Create_BOM_Structure">
        <test-method is-config="true" signature="setup()[pri:0, instance:functional_Test_Cases.AWC008_Create_BOM_Structure@3da30852]" started-at="2023-12-06T15:00:59 UTC" name="setup" finished-at="2023-12-06T15:01:12 UTC" duration-ms="13024" status="PASS">
          <reporter-output>
          </reporter-output>
        </test-method> <!-- setup -->
        <test-method signature="create_BOM()[pri:0, instance:functional_Test_Cases.AWC008_Create_BOM_Structure@3da30852]" started-at="2023-12-06T15:01:12 UTC" name="create_BOM" finished-at="2023-12-06T15:03:21 UTC" duration-ms="129226" status="PASS">
          <reporter-output>
          </reporter-output>
        </test-method> <!-- create_BOM -->
        <test-method is-config="true" signature="tearDown()[pri:0, instance:functional_Test_Cases.AWC008_Create_BOM_Structure@3da30852]" started-at="2023-12-06T15:03:21 UTC" name="tearDown" finished-at="2023-12-06T15:03:22 UTC" duration-ms="574" status="PASS">
          <reporter-output>
          </reporter-output>
        </test-method> <!-- tearDown -->
      </class> <!-- functional_Test_Cases.AWC008_Create_BOM_Structure -->
    </test> <!-- Default test -->
  </suite> <!-- Default suite -->
</testng-results>
