<?xml version="1.0" encoding="UTF-8"?>
<!-- Generated by org.testng.reporters.JUnitXMLReporter -->
<testsuite ignored="0" hostname="FBTCDEV3" failures="23" tests="82" name="Test" time="2813.27" errors="0" timestamp="2023-11-16T10:32:30 UTC">
  <testcase classname="functional_Test_Cases.AWC001Restricting_WIP_status" name="restict_GeneralWIP" time="25.603"/>
  <testcase classname="functional_Test_Cases.AWC001Restricting_WIP_status" name="restrict_P0WIP" time="26.021"/>
  <testcase classname="functional_Test_Cases.AWC001Restricting_WIP_status" name="restrict_P1WIP" time="26.112"/>
  <testcase classname="functional_Test_Cases.AWC001Restricting_WIP_status" name="restrict_P2WIP" time="25.952"/>
  <testcase classname="functional_Test_Cases.AWC001Restricting_WIP_status" name="restrict_P3WIP" time="26.971"/>
  <testcase classname="functional_Test_Cases.AWC001Restricting_WIP_status" name="restrict_EVT1WIP" time="25.776"/>
  <testcase classname="functional_Test_Cases.AWC001Restricting_WIP_status" name="restrict_EVT2WIP" time="26.396"/>
  <testcase classname="functional_Test_Cases.AWC001Restricting_WIP_status" name="restrict_EVT3WIP" time="26.0"/>
  <testcase classname="functional_Test_Cases.AWC001Restricting_WIP_status" name="restrict_DVT1WIP" time="25.932"/>
  <testcase classname="functional_Test_Cases.AWC001Restricting_WIP_status" name="restrict_DVT2WIP" time="26.135"/>
  <testcase classname="functional_Test_Cases.AWC001Restricting_WIP_status" name="restrict_DVT3WIP" time="26.464"/>
  <testcase classname="functional_Test_Cases.AWC001Restricting_WIP_status" name="restrict_PVT1WIP" time="25.646"/>
  <testcase classname="functional_Test_Cases.AWC001Restricting_WIP_status" name="restrict_PVT2WIP" time="25.283"/>
  <testcase classname="functional_Test_Cases.AWC002Working_On_Multiple_WIP_Revisions" name="work_On_P0_WIP_Revisions" time="57.666">
    <failure type="com.microsoft.playwright.TimeoutError" message="Error {
  message=&amp;apos;Timeout 30000ms exceeded.
=========================== logs ===========================
waiting for locator(&amp;quot;xpath=(//input[@class=&amp;apos;aw-jswidgets-choice gwt-ListBox ng-pristine ng-untouched ng-valid ng-isolate-scope ng-not-empty ng-valid-required aw-search-dirty&amp;apos;])[2]&amp;quot;)
============================================================
  name=&amp;apos;TimeoutError
  stack=&amp;apos;TimeoutError: Timeout 30000ms exceeded.
=========================== logs ===========================
waiting for locator(&amp;quot;xpath=(//input[@class=&amp;apos;aw-jswidgets-choice gwt-ListBox ng-pristine ng-untouched ng-valid ng-isolate-scope ng-not-empty ng-valid-required aw-search-dirty&amp;apos;])[2]&amp;quot;)
============================================================
    at ProgressController.run (C:\Users\fbtcuser\AppData\Local\Temp\playwright-java-6031812940847936406\package\lib\server\progress.js:88:26)
    at Frame.fill (C:\Users\fbtcuser\AppData\Local\Temp\playwright-java-6031812940847936406\package\lib\server\frames.js:1047:23)
    at FrameDispatcher.fill (C:\Users\fbtcuser\AppData\Local\Temp\playwright-java-6031812940847936406\package\lib\server\dispatchers\frameDispatcher.js:163:30)
    at DispatcherConnection.dispatch (C:\Users\fbtcuser\AppData\Local\Temp\playwright-java-6031812940847936406\package\lib\server\dispatchers\dispatcher.js:312:46)
}">
      <![CDATA[com.microsoft.playwright.TimeoutError: Error {
  message='Timeout 30000ms exceeded.
=========================== logs ===========================
waiting for locator("xpath=(//input[@class='aw-jswidgets-choice gwt-ListBox ng-pristine ng-untouched ng-valid ng-isolate-scope ng-not-empty ng-valid-required aw-search-dirty'])[2]")
============================================================
  name='TimeoutError
  stack='TimeoutError: Timeout 30000ms exceeded.
=========================== logs ===========================
waiting for locator("xpath=(//input[@class='aw-jswidgets-choice gwt-ListBox ng-pristine ng-untouched ng-valid ng-isolate-scope ng-not-empty ng-valid-required aw-search-dirty'])[2]")
============================================================
    at ProgressController.run (C:\Users\fbtcuser\AppData\Local\Temp\playwright-java-6031812940847936406\package\lib\server\progress.js:88:26)
    at Frame.fill (C:\Users\fbtcuser\AppData\Local\Temp\playwright-java-6031812940847936406\package\lib\server\frames.js:1047:23)
    at FrameDispatcher.fill (C:\Users\fbtcuser\AppData\Local\Temp\playwright-java-6031812940847936406\package\lib\server\dispatchers\frameDispatcher.js:163:30)
    at DispatcherConnection.dispatch (C:\Users\fbtcuser\AppData\Local\Temp\playwright-java-6031812940847936406\package\lib\server\dispatchers\dispatcher.js:312:46)
}
at com.microsoft.playwright.impl.WaitableResult.get(WaitableResult.java:52)
at com.microsoft.playwright.impl.ChannelOwner.runUntil(ChannelOwner.java:111)
at com.microsoft.playwright.impl.Connection.sendMessage(Connection.java:126)
at com.microsoft.playwright.impl.ChannelOwner.sendMessage(ChannelOwner.java:102)
at com.microsoft.playwright.impl.FrameImpl.fillImpl(FrameImpl.java:335)
at com.microsoft.playwright.impl.PageImpl.lambda$fill$27(PageImpl.java:665)
at com.microsoft.playwright.impl.LoggingSupport.lambda$withLogging$0(LoggingSupport.java:36)
at com.microsoft.playwright.impl.LoggingSupport.withLogging(LoggingSupport.java:47)
at com.microsoft.playwright.impl.ChannelOwner.withLogging(ChannelOwner.java:87)
at com.microsoft.playwright.impl.LoggingSupport.withLogging(LoggingSupport.java:35)
at com.microsoft.playwright.impl.PageImpl.fill(PageImpl.java:664)
at com.microsoft.playwright.Page.fill(Page.java:4545)
at pages.SaveAsPage.create_Revision(SaveAsPage.java:43)
at functional_Test_Cases.AWC002Working_On_Multiple_WIP_Revisions.work_On_P0_WIP_Revisions(AWC002Working_On_Multiple_WIP_Revisions.java:57)
at java.base/java.util.ArrayList.forEach(ArrayList.java:1511)
Caused by: com.microsoft.playwright.TimeoutError: Error {
  message='Timeout 30000ms exceeded.
=========================== logs ===========================
waiting for locator("xpath=(//input[@class='aw-jswidgets-choice gwt-ListBox ng-pristine ng-untouched ng-valid ng-isolate-scope ng-not-empty ng-valid-required aw-search-dirty'])[2]")
============================================================
  name='TimeoutError
  stack='TimeoutError: Timeout 30000ms exceeded.
=========================== logs ===========================
waiting for locator("xpath=(//input[@class='aw-jswidgets-choice gwt-ListBox ng-pristine ng-untouched ng-valid ng-isolate-scope ng-not-empty ng-valid-required aw-search-dirty'])[2]")
============================================================
    at ProgressController.run (C:\Users\fbtcuser\AppData\Local\Temp\playwright-java-6031812940847936406\package\lib\server\progress.js:88:26)
    at Frame.fill (C:\Users\fbtcuser\AppData\Local\Temp\playwright-java-6031812940847936406\package\lib\server\frames.js:1047:23)
    at FrameDispatcher.fill (C:\Users\fbtcuser\AppData\Local\Temp\playwright-java-6031812940847936406\package\lib\server\dispatchers\frameDispatcher.js:163:30)
    at DispatcherConnection.dispatch (C:\Users\fbtcuser\AppData\Local\Temp\playwright-java-6031812940847936406\package\lib\server\dispatchers\dispatcher.js:312:46)
}
at com.microsoft.playwright.impl.Connection.dispatch(Connection.java:224)
at com.microsoft.playwright.impl.Connection.processOneMessage(Connection.java:206)
at com.microsoft.playwright.impl.ChannelOwner.runUntil(ChannelOwner.java:109)
... 40 more
... Removed 27 stack frames]]>
    </failure>
  </testcase> <!-- work_On_P0_WIP_Revisions -->
  <testcase classname="functional_Test_Cases.AWC002Working_On_Multiple_WIP_Revisions" name="work_On_EVT1_WIP_Revisions" time="57.871">
    <failure type="com.microsoft.playwright.TimeoutError" message="Error {
  message=&amp;apos;Timeout 30000ms exceeded.
=========================== logs ===========================
waiting for locator(&amp;quot;xpath=(//input[@class=&amp;apos;aw-jswidgets-choice gwt-ListBox ng-pristine ng-untouched ng-valid ng-isolate-scope ng-not-empty ng-valid-required aw-search-dirty&amp;apos;])[2]&amp;quot;)
============================================================
  name=&amp;apos;TimeoutError
  stack=&amp;apos;TimeoutError: Timeout 30000ms exceeded.
=========================== logs ===========================
waiting for locator(&amp;quot;xpath=(//input[@class=&amp;apos;aw-jswidgets-choice gwt-ListBox ng-pristine ng-untouched ng-valid ng-isolate-scope ng-not-empty ng-valid-required aw-search-dirty&amp;apos;])[2]&amp;quot;)
============================================================
    at ProgressController.run (C:\Users\fbtcuser\AppData\Local\Temp\playwright-java-6031812940847936406\package\lib\server\progress.js:88:26)
    at Frame.fill (C:\Users\fbtcuser\AppData\Local\Temp\playwright-java-6031812940847936406\package\lib\server\frames.js:1047:23)
    at FrameDispatcher.fill (C:\Users\fbtcuser\AppData\Local\Temp\playwright-java-6031812940847936406\package\lib\server\dispatchers\frameDispatcher.js:163:30)
    at DispatcherConnection.dispatch (C:\Users\fbtcuser\AppData\Local\Temp\playwright-java-6031812940847936406\package\lib\server\dispatchers\dispatcher.js:312:46)
}">
      <![CDATA[com.microsoft.playwright.TimeoutError: Error {
  message='Timeout 30000ms exceeded.
=========================== logs ===========================
waiting for locator("xpath=(//input[@class='aw-jswidgets-choice gwt-ListBox ng-pristine ng-untouched ng-valid ng-isolate-scope ng-not-empty ng-valid-required aw-search-dirty'])[2]")
============================================================
  name='TimeoutError
  stack='TimeoutError: Timeout 30000ms exceeded.
=========================== logs ===========================
waiting for locator("xpath=(//input[@class='aw-jswidgets-choice gwt-ListBox ng-pristine ng-untouched ng-valid ng-isolate-scope ng-not-empty ng-valid-required aw-search-dirty'])[2]")
============================================================
    at ProgressController.run (C:\Users\fbtcuser\AppData\Local\Temp\playwright-java-6031812940847936406\package\lib\server\progress.js:88:26)
    at Frame.fill (C:\Users\fbtcuser\AppData\Local\Temp\playwright-java-6031812940847936406\package\lib\server\frames.js:1047:23)
    at FrameDispatcher.fill (C:\Users\fbtcuser\AppData\Local\Temp\playwright-java-6031812940847936406\package\lib\server\dispatchers\frameDispatcher.js:163:30)
    at DispatcherConnection.dispatch (C:\Users\fbtcuser\AppData\Local\Temp\playwright-java-6031812940847936406\package\lib\server\dispatchers\dispatcher.js:312:46)
}
at com.microsoft.playwright.impl.WaitableResult.get(WaitableResult.java:52)
at com.microsoft.playwright.impl.ChannelOwner.runUntil(ChannelOwner.java:111)
at com.microsoft.playwright.impl.Connection.sendMessage(Connection.java:126)
at com.microsoft.playwright.impl.ChannelOwner.sendMessage(ChannelOwner.java:102)
at com.microsoft.playwright.impl.FrameImpl.fillImpl(FrameImpl.java:335)
at com.microsoft.playwright.impl.PageImpl.lambda$fill$27(PageImpl.java:665)
at com.microsoft.playwright.impl.LoggingSupport.lambda$withLogging$0(LoggingSupport.java:36)
at com.microsoft.playwright.impl.LoggingSupport.withLogging(LoggingSupport.java:47)
at com.microsoft.playwright.impl.ChannelOwner.withLogging(ChannelOwner.java:87)
at com.microsoft.playwright.impl.LoggingSupport.withLogging(LoggingSupport.java:35)
at com.microsoft.playwright.impl.PageImpl.fill(PageImpl.java:664)
at com.microsoft.playwright.Page.fill(Page.java:4545)
at pages.SaveAsPage.create_Revision(SaveAsPage.java:43)
at functional_Test_Cases.AWC002Working_On_Multiple_WIP_Revisions.work_On_EVT1_WIP_Revisions(AWC002Working_On_Multiple_WIP_Revisions.java:98)
at java.base/java.util.ArrayList.forEach(ArrayList.java:1511)
Caused by: com.microsoft.playwright.TimeoutError: Error {
  message='Timeout 30000ms exceeded.
=========================== logs ===========================
waiting for locator("xpath=(//input[@class='aw-jswidgets-choice gwt-ListBox ng-pristine ng-untouched ng-valid ng-isolate-scope ng-not-empty ng-valid-required aw-search-dirty'])[2]")
============================================================
  name='TimeoutError
  stack='TimeoutError: Timeout 30000ms exceeded.
=========================== logs ===========================
waiting for locator("xpath=(//input[@class='aw-jswidgets-choice gwt-ListBox ng-pristine ng-untouched ng-valid ng-isolate-scope ng-not-empty ng-valid-required aw-search-dirty'])[2]")
============================================================
    at ProgressController.run (C:\Users\fbtcuser\AppData\Local\Temp\playwright-java-6031812940847936406\package\lib\server\progress.js:88:26)
    at Frame.fill (C:\Users\fbtcuser\AppData\Local\Temp\playwright-java-6031812940847936406\package\lib\server\frames.js:1047:23)
    at FrameDispatcher.fill (C:\Users\fbtcuser\AppData\Local\Temp\playwright-java-6031812940847936406\package\lib\server\dispatchers\frameDispatcher.js:163:30)
    at DispatcherConnection.dispatch (C:\Users\fbtcuser\AppData\Local\Temp\playwright-java-6031812940847936406\package\lib\server\dispatchers\dispatcher.js:312:46)
}
at com.microsoft.playwright.impl.Connection.dispatch(Connection.java:224)
at com.microsoft.playwright.impl.Connection.processOneMessage(Connection.java:206)
at com.microsoft.playwright.impl.ChannelOwner.runUntil(ChannelOwner.java:109)
... 40 more
... Removed 27 stack frames]]>
    </failure>
  </testcase> <!-- work_On_EVT1_WIP_Revisions -->
  <testcase classname="functional_Test_Cases.AWC002Working_On_Multiple_WIP_Revisions" name="work_On_DVT1_WIP_Revisions" time="58.0">
    <failure type="com.microsoft.playwright.TimeoutError" message="Error {
  message=&amp;apos;Timeout 30000ms exceeded.
=========================== logs ===========================
waiting for locator(&amp;quot;xpath=(//input[@class=&amp;apos;aw-jswidgets-choice gwt-ListBox ng-pristine ng-untouched ng-valid ng-isolate-scope ng-not-empty ng-valid-required aw-search-dirty&amp;apos;])[2]&amp;quot;)
============================================================
  name=&amp;apos;TimeoutError
  stack=&amp;apos;TimeoutError: Timeout 30000ms exceeded.
=========================== logs ===========================
waiting for locator(&amp;quot;xpath=(//input[@class=&amp;apos;aw-jswidgets-choice gwt-ListBox ng-pristine ng-untouched ng-valid ng-isolate-scope ng-not-empty ng-valid-required aw-search-dirty&amp;apos;])[2]&amp;quot;)
============================================================
    at ProgressController.run (C:\Users\fbtcuser\AppData\Local\Temp\playwright-java-6031812940847936406\package\lib\server\progress.js:88:26)
    at Frame.fill (C:\Users\fbtcuser\AppData\Local\Temp\playwright-java-6031812940847936406\package\lib\server\frames.js:1047:23)
    at FrameDispatcher.fill (C:\Users\fbtcuser\AppData\Local\Temp\playwright-java-6031812940847936406\package\lib\server\dispatchers\frameDispatcher.js:163:30)
    at DispatcherConnection.dispatch (C:\Users\fbtcuser\AppData\Local\Temp\playwright-java-6031812940847936406\package\lib\server\dispatchers\dispatcher.js:312:46)
}">
      <![CDATA[com.microsoft.playwright.TimeoutError: Error {
  message='Timeout 30000ms exceeded.
=========================== logs ===========================
waiting for locator("xpath=(//input[@class='aw-jswidgets-choice gwt-ListBox ng-pristine ng-untouched ng-valid ng-isolate-scope ng-not-empty ng-valid-required aw-search-dirty'])[2]")
============================================================
  name='TimeoutError
  stack='TimeoutError: Timeout 30000ms exceeded.
=========================== logs ===========================
waiting for locator("xpath=(//input[@class='aw-jswidgets-choice gwt-ListBox ng-pristine ng-untouched ng-valid ng-isolate-scope ng-not-empty ng-valid-required aw-search-dirty'])[2]")
============================================================
    at ProgressController.run (C:\Users\fbtcuser\AppData\Local\Temp\playwright-java-6031812940847936406\package\lib\server\progress.js:88:26)
    at Frame.fill (C:\Users\fbtcuser\AppData\Local\Temp\playwright-java-6031812940847936406\package\lib\server\frames.js:1047:23)
    at FrameDispatcher.fill (C:\Users\fbtcuser\AppData\Local\Temp\playwright-java-6031812940847936406\package\lib\server\dispatchers\frameDispatcher.js:163:30)
    at DispatcherConnection.dispatch (C:\Users\fbtcuser\AppData\Local\Temp\playwright-java-6031812940847936406\package\lib\server\dispatchers\dispatcher.js:312:46)
}
at com.microsoft.playwright.impl.WaitableResult.get(WaitableResult.java:52)
at com.microsoft.playwright.impl.ChannelOwner.runUntil(ChannelOwner.java:111)
at com.microsoft.playwright.impl.Connection.sendMessage(Connection.java:126)
at com.microsoft.playwright.impl.ChannelOwner.sendMessage(ChannelOwner.java:102)
at com.microsoft.playwright.impl.FrameImpl.fillImpl(FrameImpl.java:335)
at com.microsoft.playwright.impl.PageImpl.lambda$fill$27(PageImpl.java:665)
at com.microsoft.playwright.impl.LoggingSupport.lambda$withLogging$0(LoggingSupport.java:36)
at com.microsoft.playwright.impl.LoggingSupport.withLogging(LoggingSupport.java:47)
at com.microsoft.playwright.impl.ChannelOwner.withLogging(ChannelOwner.java:87)
at com.microsoft.playwright.impl.LoggingSupport.withLogging(LoggingSupport.java:35)
at com.microsoft.playwright.impl.PageImpl.fill(PageImpl.java:664)
at com.microsoft.playwright.Page.fill(Page.java:4545)
at pages.SaveAsPage.create_Revision(SaveAsPage.java:43)
at functional_Test_Cases.AWC002Working_On_Multiple_WIP_Revisions.work_On_DVT1_WIP_Revisions(AWC002Working_On_Multiple_WIP_Revisions.java:141)
at java.base/java.util.ArrayList.forEach(ArrayList.java:1511)
Caused by: com.microsoft.playwright.TimeoutError: Error {
  message='Timeout 30000ms exceeded.
=========================== logs ===========================
waiting for locator("xpath=(//input[@class='aw-jswidgets-choice gwt-ListBox ng-pristine ng-untouched ng-valid ng-isolate-scope ng-not-empty ng-valid-required aw-search-dirty'])[2]")
============================================================
  name='TimeoutError
  stack='TimeoutError: Timeout 30000ms exceeded.
=========================== logs ===========================
waiting for locator("xpath=(//input[@class='aw-jswidgets-choice gwt-ListBox ng-pristine ng-untouched ng-valid ng-isolate-scope ng-not-empty ng-valid-required aw-search-dirty'])[2]")
============================================================
    at ProgressController.run (C:\Users\fbtcuser\AppData\Local\Temp\playwright-java-6031812940847936406\package\lib\server\progress.js:88:26)
    at Frame.fill (C:\Users\fbtcuser\AppData\Local\Temp\playwright-java-6031812940847936406\package\lib\server\frames.js:1047:23)
    at FrameDispatcher.fill (C:\Users\fbtcuser\AppData\Local\Temp\playwright-java-6031812940847936406\package\lib\server\dispatchers\frameDispatcher.js:163:30)
    at DispatcherConnection.dispatch (C:\Users\fbtcuser\AppData\Local\Temp\playwright-java-6031812940847936406\package\lib\server\dispatchers\dispatcher.js:312:46)
}
at com.microsoft.playwright.impl.Connection.dispatch(Connection.java:224)
at com.microsoft.playwright.impl.Connection.processOneMessage(Connection.java:206)
at com.microsoft.playwright.impl.ChannelOwner.runUntil(ChannelOwner.java:109)
... 40 more
... Removed 27 stack frames]]>
    </failure>
  </testcase> <!-- work_On_DVT1_WIP_Revisions -->
  <testcase classname="functional_Test_Cases.AWC002Working_On_Multiple_WIP_Revisions" name="work_On_PVT1_WIP_Revisions" time="28.016">
    <failure type="java.lang.NullPointerException" message="Cannot invoke &amp;quot;String.equalsIgnoreCase(String)&amp;quot; because &amp;quot;releaseStatus&amp;quot; is null">
      <![CDATA[java.lang.NullPointerException: Cannot invoke "String.equalsIgnoreCase(String)" because "releaseStatus" is null
at pages.SaveAsPage.create_Revision(SaveAsPage.java:37)
at functional_Test_Cases.AWC002Working_On_Multiple_WIP_Revisions.work_On_PVT1_WIP_Revisions(AWC002Working_On_Multiple_WIP_Revisions.java:183)
at java.base/java.util.ArrayList.forEach(ArrayList.java:1511)
... Removed 27 stack frames]]>
    </failure>
  </testcase> <!-- work_On_PVT1_WIP_Revisions -->
  <testcase classname="functional_Test_Cases.AWC003Enable_Using_SaveAs" name="enable_Using_SaveAs_General_WIP" time="9.047">
    <failure type="java.lang.AssertionError" message="null">
      <![CDATA[java.lang.AssertionError: null
at functional_Test_Cases.AWC003Enable_Using_SaveAs.enable_Using_SaveAs_General_WIP(AWC003Enable_Using_SaveAs.java:39)
at java.base/java.util.ArrayList.forEach(ArrayList.java:1511)
... Removed 29 stack frames]]>
    </failure>
  </testcase> <!-- enable_Using_SaveAs_General_WIP -->
  <testcase classname="functional_Test_Cases.AWC003Enable_Using_SaveAs" name="enable_Using_SaveAs_P0_WIP" time="38.943">
    <failure type="com.microsoft.playwright.TimeoutError" message="Error {
  message=&amp;apos;Timeout 30000ms exceeded.
=========================== logs ===========================
waiting for locator(&amp;quot;xpath=(//input[@class=&amp;apos;aw-jswidgets-choice gwt-ListBox ng-pristine ng-untouched ng-valid ng-isolate-scope ng-not-empty ng-valid-required aw-search-dirty&amp;apos;])[2]&amp;quot;)
============================================================
  name=&amp;apos;TimeoutError
  stack=&amp;apos;TimeoutError: Timeout 30000ms exceeded.
=========================== logs ===========================
waiting for locator(&amp;quot;xpath=(//input[@class=&amp;apos;aw-jswidgets-choice gwt-ListBox ng-pristine ng-untouched ng-valid ng-isolate-scope ng-not-empty ng-valid-required aw-search-dirty&amp;apos;])[2]&amp;quot;)
============================================================
    at ProgressController.run (C:\Users\fbtcuser\AppData\Local\Temp\playwright-java-6031812940847936406\package\lib\server\progress.js:88:26)
    at Frame.fill (C:\Users\fbtcuser\AppData\Local\Temp\playwright-java-6031812940847936406\package\lib\server\frames.js:1047:23)
    at FrameDispatcher.fill (C:\Users\fbtcuser\AppData\Local\Temp\playwright-java-6031812940847936406\package\lib\server\dispatchers\frameDispatcher.js:163:30)
    at DispatcherConnection.dispatch (C:\Users\fbtcuser\AppData\Local\Temp\playwright-java-6031812940847936406\package\lib\server\dispatchers\dispatcher.js:312:46)
}">
      <![CDATA[com.microsoft.playwright.TimeoutError: Error {
  message='Timeout 30000ms exceeded.
=========================== logs ===========================
waiting for locator("xpath=(//input[@class='aw-jswidgets-choice gwt-ListBox ng-pristine ng-untouched ng-valid ng-isolate-scope ng-not-empty ng-valid-required aw-search-dirty'])[2]")
============================================================
  name='TimeoutError
  stack='TimeoutError: Timeout 30000ms exceeded.
=========================== logs ===========================
waiting for locator("xpath=(//input[@class='aw-jswidgets-choice gwt-ListBox ng-pristine ng-untouched ng-valid ng-isolate-scope ng-not-empty ng-valid-required aw-search-dirty'])[2]")
============================================================
    at ProgressController.run (C:\Users\fbtcuser\AppData\Local\Temp\playwright-java-6031812940847936406\package\lib\server\progress.js:88:26)
    at Frame.fill (C:\Users\fbtcuser\AppData\Local\Temp\playwright-java-6031812940847936406\package\lib\server\frames.js:1047:23)
    at FrameDispatcher.fill (C:\Users\fbtcuser\AppData\Local\Temp\playwright-java-6031812940847936406\package\lib\server\dispatchers\frameDispatcher.js:163:30)
    at DispatcherConnection.dispatch (C:\Users\fbtcuser\AppData\Local\Temp\playwright-java-6031812940847936406\package\lib\server\dispatchers\dispatcher.js:312:46)
}
at com.microsoft.playwright.impl.WaitableResult.get(WaitableResult.java:52)
at com.microsoft.playwright.impl.ChannelOwner.runUntil(ChannelOwner.java:111)
at com.microsoft.playwright.impl.Connection.sendMessage(Connection.java:126)
at com.microsoft.playwright.impl.ChannelOwner.sendMessage(ChannelOwner.java:102)
at com.microsoft.playwright.impl.FrameImpl.fillImpl(FrameImpl.java:335)
at com.microsoft.playwright.impl.PageImpl.lambda$fill$27(PageImpl.java:665)
at com.microsoft.playwright.impl.LoggingSupport.lambda$withLogging$0(LoggingSupport.java:36)
at com.microsoft.playwright.impl.LoggingSupport.withLogging(LoggingSupport.java:47)
at com.microsoft.playwright.impl.ChannelOwner.withLogging(ChannelOwner.java:87)
at com.microsoft.playwright.impl.LoggingSupport.withLogging(LoggingSupport.java:35)
at com.microsoft.playwright.impl.PageImpl.fill(PageImpl.java:664)
at com.microsoft.playwright.Page.fill(Page.java:4545)
at pages.SaveAsPage.saveAsNewItem(SaveAsPage.java:58)
at functional_Test_Cases.AWC003Enable_Using_SaveAs.enable_Using_SaveAs_P0_WIP(AWC003Enable_Using_SaveAs.java:56)
at java.base/java.util.ArrayList.forEach(ArrayList.java:1511)
Caused by: com.microsoft.playwright.TimeoutError: Error {
  message='Timeout 30000ms exceeded.
=========================== logs ===========================
waiting for locator("xpath=(//input[@class='aw-jswidgets-choice gwt-ListBox ng-pristine ng-untouched ng-valid ng-isolate-scope ng-not-empty ng-valid-required aw-search-dirty'])[2]")
============================================================
  name='TimeoutError
  stack='TimeoutError: Timeout 30000ms exceeded.
=========================== logs ===========================
waiting for locator("xpath=(//input[@class='aw-jswidgets-choice gwt-ListBox ng-pristine ng-untouched ng-valid ng-isolate-scope ng-not-empty ng-valid-required aw-search-dirty'])[2]")
============================================================
    at ProgressController.run (C:\Users\fbtcuser\AppData\Local\Temp\playwright-java-6031812940847936406\package\lib\server\progress.js:88:26)
    at Frame.fill (C:\Users\fbtcuser\AppData\Local\Temp\playwright-java-6031812940847936406\package\lib\server\frames.js:1047:23)
    at FrameDispatcher.fill (C:\Users\fbtcuser\AppData\Local\Temp\playwright-java-6031812940847936406\package\lib\server\dispatchers\frameDispatcher.js:163:30)
    at DispatcherConnection.dispatch (C:\Users\fbtcuser\AppData\Local\Temp\playwright-java-6031812940847936406\package\lib\server\dispatchers\dispatcher.js:312:46)
}
at com.microsoft.playwright.impl.Connection.dispatch(Connection.java:224)
at com.microsoft.playwright.impl.Connection.processOneMessage(Connection.java:206)
at com.microsoft.playwright.impl.ChannelOwner.runUntil(ChannelOwner.java:109)
... 40 more
... Removed 27 stack frames]]>
    </failure>
  </testcase> <!-- enable_Using_SaveAs_P0_WIP -->
  <testcase classname="functional_Test_Cases.AWC003Enable_Using_SaveAs" name="enable_Using_SaveAs_P1_WIP" time="64.78">
    <failure type="com.microsoft.playwright.TimeoutError" message="Error {
  message=&amp;apos;Timeout 30000ms exceeded.
=========================== logs ===========================
waiting for locator(&amp;quot;xpath=(//span[@class=&amp;apos;aw-jswidgets-text ng-isolate-scope&amp;apos;])[14]&amp;quot;)
============================================================
  name=&amp;apos;TimeoutError
  stack=&amp;apos;TimeoutError: Timeout 30000ms exceeded.
=========================== logs ===========================
waiting for locator(&amp;quot;xpath=(//span[@class=&amp;apos;aw-jswidgets-text ng-isolate-scope&amp;apos;])[14]&amp;quot;)
============================================================
    at ProgressController.run (C:\Users\fbtcuser\AppData\Local\Temp\playwright-java-6031812940847936406\package\lib\server\progress.js:88:26)
    at Frame._callOnElementOnceMatches (C:\Users\fbtcuser\AppData\Local\Temp\playwright-java-6031812940847936406\package\lib\server\frames.js:1406:23)
    at Frame.textContent (C:\Users\fbtcuser\AppData\Local\Temp\playwright-java-6031812940847936406\package\lib\server\frames.js:1064:17)
    at FrameDispatcher.textContent (C:\Users\fbtcuser\AppData\Local\Temp\playwright-java-6031812940847936406\package\lib\server\dispatchers\frameDispatcher.js:172:37)
    at DispatcherConnection.dispatch (C:\Users\fbtcuser\AppData\Local\Temp\playwright-java-6031812940847936406\package\lib\server\dispatchers\dispatcher.js:312:46)
}">
      <![CDATA[com.microsoft.playwright.TimeoutError: Error {
  message='Timeout 30000ms exceeded.
=========================== logs ===========================
waiting for locator("xpath=(//span[@class='aw-jswidgets-text ng-isolate-scope'])[14]")
============================================================
  name='TimeoutError
  stack='TimeoutError: Timeout 30000ms exceeded.
=========================== logs ===========================
waiting for locator("xpath=(//span[@class='aw-jswidgets-text ng-isolate-scope'])[14]")
============================================================
    at ProgressController.run (C:\Users\fbtcuser\AppData\Local\Temp\playwright-java-6031812940847936406\package\lib\server\progress.js:88:26)
    at Frame._callOnElementOnceMatches (C:\Users\fbtcuser\AppData\Local\Temp\playwright-java-6031812940847936406\package\lib\server\frames.js:1406:23)
    at Frame.textContent (C:\Users\fbtcuser\AppData\Local\Temp\playwright-java-6031812940847936406\package\lib\server\frames.js:1064:17)
    at FrameDispatcher.textContent (C:\Users\fbtcuser\AppData\Local\Temp\playwright-java-6031812940847936406\package\lib\server\dispatchers\frameDispatcher.js:172:37)
    at DispatcherConnection.dispatch (C:\Users\fbtcuser\AppData\Local\Temp\playwright-java-6031812940847936406\package\lib\server\dispatchers\dispatcher.js:312:46)
}
at com.microsoft.playwright.impl.WaitableResult.get(WaitableResult.java:52)
at com.microsoft.playwright.impl.ChannelOwner.runUntil(ChannelOwner.java:111)
at com.microsoft.playwright.impl.Connection.sendMessage(Connection.java:126)
at com.microsoft.playwright.impl.ChannelOwner.sendMessage(ChannelOwner.java:102)
at com.microsoft.playwright.impl.FrameImpl.textContentImpl(FrameImpl.java:822)
at com.microsoft.playwright.impl.FrameImpl.lambda$textContent$38(FrameImpl.java:813)
at com.microsoft.playwright.impl.LoggingSupport.withLogging(LoggingSupport.java:47)
at com.microsoft.playwright.impl.ChannelOwner.withLogging(ChannelOwner.java:87)
at com.microsoft.playwright.impl.FrameImpl.textContent(FrameImpl.java:813)
at com.microsoft.playwright.impl.LocatorImpl.textContent(LocatorImpl.java:561)
at com.microsoft.playwright.Locator.textContent(Locator.java:4859)
at functional_Test_Cases.AWC003Enable_Using_SaveAs.enable_Using_SaveAs_P1_WIP(AWC003Enable_Using_SaveAs.java:75)
at java.base/java.util.ArrayList.forEach(ArrayList.java:1511)
Caused by: com.microsoft.playwright.TimeoutError: Error {
  message='Timeout 30000ms exceeded.
=========================== logs ===========================
waiting for locator("xpath=(//span[@class='aw-jswidgets-text ng-isolate-scope'])[14]")
============================================================
  name='TimeoutError
  stack='TimeoutError: Timeout 30000ms exceeded.
=========================== logs ===========================
waiting for locator("xpath=(//span[@class='aw-jswidgets-text ng-isolate-scope'])[14]")
============================================================
    at ProgressController.run (C:\Users\fbtcuser\AppData\Local\Temp\playwright-java-6031812940847936406\package\lib\server\progress.js:88:26)
    at Frame._callOnElementOnceMatches (C:\Users\fbtcuser\AppData\Local\Temp\playwright-java-6031812940847936406\package\lib\server\frames.js:1406:23)
    at Frame.textContent (C:\Users\fbtcuser\AppData\Local\Temp\playwright-java-6031812940847936406\package\lib\server\frames.js:1064:17)
    at FrameDispatcher.textContent (C:\Users\fbtcuser\AppData\Local\Temp\playwright-java-6031812940847936406\package\lib\server\dispatchers\frameDispatcher.js:172:37)
    at DispatcherConnection.dispatch (C:\Users\fbtcuser\AppData\Local\Temp\playwright-java-6031812940847936406\package\lib\server\dispatchers\dispatcher.js:312:46)
}
at com.microsoft.playwright.impl.Connection.dispatch(Connection.java:224)
at com.microsoft.playwright.impl.Connection.processOneMessage(Connection.java:206)
at com.microsoft.playwright.impl.ChannelOwner.runUntil(ChannelOwner.java:109)
... 38 more
... Removed 27 stack frames]]>
    </failure>
  </testcase> <!-- enable_Using_SaveAs_P1_WIP -->
  <testcase classname="functional_Test_Cases.AWC003Enable_Using_SaveAs" name="enable_Using_SaveAs_P2_WIP" time="39.01">
    <failure type="com.microsoft.playwright.TimeoutError" message="Error {
  message=&amp;apos;Timeout 30000ms exceeded.
=========================== logs ===========================
waiting for locator(&amp;quot;xpath=(//input[@class=&amp;apos;aw-jswidgets-choice gwt-ListBox ng-pristine ng-untouched ng-valid ng-isolate-scope ng-not-empty ng-valid-required aw-search-dirty&amp;apos;])[2]&amp;quot;)
============================================================
  name=&amp;apos;TimeoutError
  stack=&amp;apos;TimeoutError: Timeout 30000ms exceeded.
=========================== logs ===========================
waiting for locator(&amp;quot;xpath=(//input[@class=&amp;apos;aw-jswidgets-choice gwt-ListBox ng-pristine ng-untouched ng-valid ng-isolate-scope ng-not-empty ng-valid-required aw-search-dirty&amp;apos;])[2]&amp;quot;)
============================================================
    at ProgressController.run (C:\Users\fbtcuser\AppData\Local\Temp\playwright-java-6031812940847936406\package\lib\server\progress.js:88:26)
    at Frame.fill (C:\Users\fbtcuser\AppData\Local\Temp\playwright-java-6031812940847936406\package\lib\server\frames.js:1047:23)
    at FrameDispatcher.fill (C:\Users\fbtcuser\AppData\Local\Temp\playwright-java-6031812940847936406\package\lib\server\dispatchers\frameDispatcher.js:163:30)
    at DispatcherConnection.dispatch (C:\Users\fbtcuser\AppData\Local\Temp\playwright-java-6031812940847936406\package\lib\server\dispatchers\dispatcher.js:312:46)
}">
      <![CDATA[com.microsoft.playwright.TimeoutError: Error {
  message='Timeout 30000ms exceeded.
=========================== logs ===========================
waiting for locator("xpath=(//input[@class='aw-jswidgets-choice gwt-ListBox ng-pristine ng-untouched ng-valid ng-isolate-scope ng-not-empty ng-valid-required aw-search-dirty'])[2]")
============================================================
  name='TimeoutError
  stack='TimeoutError: Timeout 30000ms exceeded.
=========================== logs ===========================
waiting for locator("xpath=(//input[@class='aw-jswidgets-choice gwt-ListBox ng-pristine ng-untouched ng-valid ng-isolate-scope ng-not-empty ng-valid-required aw-search-dirty'])[2]")
============================================================
    at ProgressController.run (C:\Users\fbtcuser\AppData\Local\Temp\playwright-java-6031812940847936406\package\lib\server\progress.js:88:26)
    at Frame.fill (C:\Users\fbtcuser\AppData\Local\Temp\playwright-java-6031812940847936406\package\lib\server\frames.js:1047:23)
    at FrameDispatcher.fill (C:\Users\fbtcuser\AppData\Local\Temp\playwright-java-6031812940847936406\package\lib\server\dispatchers\frameDispatcher.js:163:30)
    at DispatcherConnection.dispatch (C:\Users\fbtcuser\AppData\Local\Temp\playwright-java-6031812940847936406\package\lib\server\dispatchers\dispatcher.js:312:46)
}
at com.microsoft.playwright.impl.WaitableResult.get(WaitableResult.java:52)
at com.microsoft.playwright.impl.ChannelOwner.runUntil(ChannelOwner.java:111)
at com.microsoft.playwright.impl.Connection.sendMessage(Connection.java:126)
at com.microsoft.playwright.impl.ChannelOwner.sendMessage(ChannelOwner.java:102)
at com.microsoft.playwright.impl.FrameImpl.fillImpl(FrameImpl.java:335)
at com.microsoft.playwright.impl.PageImpl.lambda$fill$27(PageImpl.java:665)
at com.microsoft.playwright.impl.LoggingSupport.lambda$withLogging$0(LoggingSupport.java:36)
at com.microsoft.playwright.impl.LoggingSupport.withLogging(LoggingSupport.java:47)
at com.microsoft.playwright.impl.ChannelOwner.withLogging(ChannelOwner.java:87)
at com.microsoft.playwright.impl.LoggingSupport.withLogging(LoggingSupport.java:35)
at com.microsoft.playwright.impl.PageImpl.fill(PageImpl.java:664)
at com.microsoft.playwright.Page.fill(Page.java:4545)
at pages.SaveAsPage.saveAsNewItem(SaveAsPage.java:58)
at functional_Test_Cases.AWC003Enable_Using_SaveAs.enable_Using_SaveAs_P2_WIP(AWC003Enable_Using_SaveAs.java:100)
at java.base/java.util.ArrayList.forEach(ArrayList.java:1511)
Caused by: com.microsoft.playwright.TimeoutError: Error {
  message='Timeout 30000ms exceeded.
=========================== logs ===========================
waiting for locator("xpath=(//input[@class='aw-jswidgets-choice gwt-ListBox ng-pristine ng-untouched ng-valid ng-isolate-scope ng-not-empty ng-valid-required aw-search-dirty'])[2]")
============================================================
  name='TimeoutError
  stack='TimeoutError: Timeout 30000ms exceeded.
=========================== logs ===========================
waiting for locator("xpath=(//input[@class='aw-jswidgets-choice gwt-ListBox ng-pristine ng-untouched ng-valid ng-isolate-scope ng-not-empty ng-valid-required aw-search-dirty'])[2]")
============================================================
    at ProgressController.run (C:\Users\fbtcuser\AppData\Local\Temp\playwright-java-6031812940847936406\package\lib\server\progress.js:88:26)
    at Frame.fill (C:\Users\fbtcuser\AppData\Local\Temp\playwright-java-6031812940847936406\package\lib\server\frames.js:1047:23)
    at FrameDispatcher.fill (C:\Users\fbtcuser\AppData\Local\Temp\playwright-java-6031812940847936406\package\lib\server\dispatchers\frameDispatcher.js:163:30)
    at DispatcherConnection.dispatch (C:\Users\fbtcuser\AppData\Local\Temp\playwright-java-6031812940847936406\package\lib\server\dispatchers\dispatcher.js:312:46)
}
at com.microsoft.playwright.impl.Connection.dispatch(Connection.java:224)
at com.microsoft.playwright.impl.Connection.processOneMessage(Connection.java:206)
at com.microsoft.playwright.impl.ChannelOwner.runUntil(ChannelOwner.java:109)
... 40 more
... Removed 27 stack frames]]>
    </failure>
  </testcase> <!-- enable_Using_SaveAs_P2_WIP -->
  <testcase classname="functional_Test_Cases.AWC003Enable_Using_SaveAs" name="enable_Using_SaveAs_P3_WIP" time="39.319">
    <failure type="com.microsoft.playwright.TimeoutError" message="Error {
  message=&amp;apos;Timeout 30000ms exceeded.
=========================== logs ===========================
waiting for locator(&amp;quot;xpath=(//input[@class=&amp;apos;aw-jswidgets-choice gwt-ListBox ng-pristine ng-untouched ng-valid ng-isolate-scope ng-not-empty ng-valid-required aw-search-dirty&amp;apos;])[2]&amp;quot;)
============================================================
  name=&amp;apos;TimeoutError
  stack=&amp;apos;TimeoutError: Timeout 30000ms exceeded.
=========================== logs ===========================
waiting for locator(&amp;quot;xpath=(//input[@class=&amp;apos;aw-jswidgets-choice gwt-ListBox ng-pristine ng-untouched ng-valid ng-isolate-scope ng-not-empty ng-valid-required aw-search-dirty&amp;apos;])[2]&amp;quot;)
============================================================
    at ProgressController.run (C:\Users\fbtcuser\AppData\Local\Temp\playwright-java-6031812940847936406\package\lib\server\progress.js:88:26)
    at Frame.fill (C:\Users\fbtcuser\AppData\Local\Temp\playwright-java-6031812940847936406\package\lib\server\frames.js:1047:23)
    at FrameDispatcher.fill (C:\Users\fbtcuser\AppData\Local\Temp\playwright-java-6031812940847936406\package\lib\server\dispatchers\frameDispatcher.js:163:30)
    at DispatcherConnection.dispatch (C:\Users\fbtcuser\AppData\Local\Temp\playwright-java-6031812940847936406\package\lib\server\dispatchers\dispatcher.js:312:46)
}">
      <![CDATA[com.microsoft.playwright.TimeoutError: Error {
  message='Timeout 30000ms exceeded.
=========================== logs ===========================
waiting for locator("xpath=(//input[@class='aw-jswidgets-choice gwt-ListBox ng-pristine ng-untouched ng-valid ng-isolate-scope ng-not-empty ng-valid-required aw-search-dirty'])[2]")
============================================================
  name='TimeoutError
  stack='TimeoutError: Timeout 30000ms exceeded.
=========================== logs ===========================
waiting for locator("xpath=(//input[@class='aw-jswidgets-choice gwt-ListBox ng-pristine ng-untouched ng-valid ng-isolate-scope ng-not-empty ng-valid-required aw-search-dirty'])[2]")
============================================================
    at ProgressController.run (C:\Users\fbtcuser\AppData\Local\Temp\playwright-java-6031812940847936406\package\lib\server\progress.js:88:26)
    at Frame.fill (C:\Users\fbtcuser\AppData\Local\Temp\playwright-java-6031812940847936406\package\lib\server\frames.js:1047:23)
    at FrameDispatcher.fill (C:\Users\fbtcuser\AppData\Local\Temp\playwright-java-6031812940847936406\package\lib\server\dispatchers\frameDispatcher.js:163:30)
    at DispatcherConnection.dispatch (C:\Users\fbtcuser\AppData\Local\Temp\playwright-java-6031812940847936406\package\lib\server\dispatchers\dispatcher.js:312:46)
}
at com.microsoft.playwright.impl.WaitableResult.get(WaitableResult.java:52)
at com.microsoft.playwright.impl.ChannelOwner.runUntil(ChannelOwner.java:111)
at com.microsoft.playwright.impl.Connection.sendMessage(Connection.java:126)
at com.microsoft.playwright.impl.ChannelOwner.sendMessage(ChannelOwner.java:102)
at com.microsoft.playwright.impl.FrameImpl.fillImpl(FrameImpl.java:335)
at com.microsoft.playwright.impl.PageImpl.lambda$fill$27(PageImpl.java:665)
at com.microsoft.playwright.impl.LoggingSupport.lambda$withLogging$0(LoggingSupport.java:36)
at com.microsoft.playwright.impl.LoggingSupport.withLogging(LoggingSupport.java:47)
at com.microsoft.playwright.impl.ChannelOwner.withLogging(ChannelOwner.java:87)
at com.microsoft.playwright.impl.LoggingSupport.withLogging(LoggingSupport.java:35)
at com.microsoft.playwright.impl.PageImpl.fill(PageImpl.java:664)
at com.microsoft.playwright.Page.fill(Page.java:4545)
at pages.SaveAsPage.saveAsNewItem(SaveAsPage.java:58)
at functional_Test_Cases.AWC003Enable_Using_SaveAs.enable_Using_SaveAs_P3_WIP(AWC003Enable_Using_SaveAs.java:122)
at java.base/java.util.ArrayList.forEach(ArrayList.java:1511)
Caused by: com.microsoft.playwright.TimeoutError: Error {
  message='Timeout 30000ms exceeded.
=========================== logs ===========================
waiting for locator("xpath=(//input[@class='aw-jswidgets-choice gwt-ListBox ng-pristine ng-untouched ng-valid ng-isolate-scope ng-not-empty ng-valid-required aw-search-dirty'])[2]")
============================================================
  name='TimeoutError
  stack='TimeoutError: Timeout 30000ms exceeded.
=========================== logs ===========================
waiting for locator("xpath=(//input[@class='aw-jswidgets-choice gwt-ListBox ng-pristine ng-untouched ng-valid ng-isolate-scope ng-not-empty ng-valid-required aw-search-dirty'])[2]")
============================================================
    at ProgressController.run (C:\Users\fbtcuser\AppData\Local\Temp\playwright-java-6031812940847936406\package\lib\server\progress.js:88:26)
    at Frame.fill (C:\Users\fbtcuser\AppData\Local\Temp\playwright-java-6031812940847936406\package\lib\server\frames.js:1047:23)
    at FrameDispatcher.fill (C:\Users\fbtcuser\AppData\Local\Temp\playwright-java-6031812940847936406\package\lib\server\dispatchers\frameDispatcher.js:163:30)
    at DispatcherConnection.dispatch (C:\Users\fbtcuser\AppData\Local\Temp\playwright-java-6031812940847936406\package\lib\server\dispatchers\dispatcher.js:312:46)
}
at com.microsoft.playwright.impl.Connection.dispatch(Connection.java:224)
at com.microsoft.playwright.impl.Connection.processOneMessage(Connection.java:206)
at com.microsoft.playwright.impl.ChannelOwner.runUntil(ChannelOwner.java:109)
... 40 more
... Removed 27 stack frames]]>
    </failure>
  </testcase> <!-- enable_Using_SaveAs_P3_WIP -->
  <testcase classname="functional_Test_Cases.AWC003Enable_Using_SaveAs" name="enable_Using_SaveAs_EVT1_WIP" time="39.243">
    <failure type="com.microsoft.playwright.TimeoutError" message="Error {
  message=&amp;apos;Timeout 30000ms exceeded.
=========================== logs ===========================
waiting for locator(&amp;quot;xpath=(//input[@class=&amp;apos;aw-jswidgets-choice gwt-ListBox ng-pristine ng-untouched ng-valid ng-isolate-scope ng-not-empty ng-valid-required aw-search-dirty&amp;apos;])[2]&amp;quot;)
============================================================
  name=&amp;apos;TimeoutError
  stack=&amp;apos;TimeoutError: Timeout 30000ms exceeded.
=========================== logs ===========================
waiting for locator(&amp;quot;xpath=(//input[@class=&amp;apos;aw-jswidgets-choice gwt-ListBox ng-pristine ng-untouched ng-valid ng-isolate-scope ng-not-empty ng-valid-required aw-search-dirty&amp;apos;])[2]&amp;quot;)
============================================================
    at ProgressController.run (C:\Users\fbtcuser\AppData\Local\Temp\playwright-java-6031812940847936406\package\lib\server\progress.js:88:26)
    at Frame.fill (C:\Users\fbtcuser\AppData\Local\Temp\playwright-java-6031812940847936406\package\lib\server\frames.js:1047:23)
    at FrameDispatcher.fill (C:\Users\fbtcuser\AppData\Local\Temp\playwright-java-6031812940847936406\package\lib\server\dispatchers\frameDispatcher.js:163:30)
    at DispatcherConnection.dispatch (C:\Users\fbtcuser\AppData\Local\Temp\playwright-java-6031812940847936406\package\lib\server\dispatchers\dispatcher.js:312:46)
}">
      <![CDATA[com.microsoft.playwright.TimeoutError: Error {
  message='Timeout 30000ms exceeded.
=========================== logs ===========================
waiting for locator("xpath=(//input[@class='aw-jswidgets-choice gwt-ListBox ng-pristine ng-untouched ng-valid ng-isolate-scope ng-not-empty ng-valid-required aw-search-dirty'])[2]")
============================================================
  name='TimeoutError
  stack='TimeoutError: Timeout 30000ms exceeded.
=========================== logs ===========================
waiting for locator("xpath=(//input[@class='aw-jswidgets-choice gwt-ListBox ng-pristine ng-untouched ng-valid ng-isolate-scope ng-not-empty ng-valid-required aw-search-dirty'])[2]")
============================================================
    at ProgressController.run (C:\Users\fbtcuser\AppData\Local\Temp\playwright-java-6031812940847936406\package\lib\server\progress.js:88:26)
    at Frame.fill (C:\Users\fbtcuser\AppData\Local\Temp\playwright-java-6031812940847936406\package\lib\server\frames.js:1047:23)
    at FrameDispatcher.fill (C:\Users\fbtcuser\AppData\Local\Temp\playwright-java-6031812940847936406\package\lib\server\dispatchers\frameDispatcher.js:163:30)
    at DispatcherConnection.dispatch (C:\Users\fbtcuser\AppData\Local\Temp\playwright-java-6031812940847936406\package\lib\server\dispatchers\dispatcher.js:312:46)
}
at com.microsoft.playwright.impl.WaitableResult.get(WaitableResult.java:52)
at com.microsoft.playwright.impl.ChannelOwner.runUntil(ChannelOwner.java:111)
at com.microsoft.playwright.impl.Connection.sendMessage(Connection.java:126)
at com.microsoft.playwright.impl.ChannelOwner.sendMessage(ChannelOwner.java:102)
at com.microsoft.playwright.impl.FrameImpl.fillImpl(FrameImpl.java:335)
at com.microsoft.playwright.impl.PageImpl.lambda$fill$27(PageImpl.java:665)
at com.microsoft.playwright.impl.LoggingSupport.lambda$withLogging$0(LoggingSupport.java:36)
at com.microsoft.playwright.impl.LoggingSupport.withLogging(LoggingSupport.java:47)
at com.microsoft.playwright.impl.ChannelOwner.withLogging(ChannelOwner.java:87)
at com.microsoft.playwright.impl.LoggingSupport.withLogging(LoggingSupport.java:35)
at com.microsoft.playwright.impl.PageImpl.fill(PageImpl.java:664)
at com.microsoft.playwright.Page.fill(Page.java:4545)
at pages.SaveAsPage.saveAsNewItem(SaveAsPage.java:58)
at functional_Test_Cases.AWC003Enable_Using_SaveAs.enable_Using_SaveAs_EVT1_WIP(AWC003Enable_Using_SaveAs.java:144)
at java.base/java.util.ArrayList.forEach(ArrayList.java:1511)
Caused by: com.microsoft.playwright.TimeoutError: Error {
  message='Timeout 30000ms exceeded.
=========================== logs ===========================
waiting for locator("xpath=(//input[@class='aw-jswidgets-choice gwt-ListBox ng-pristine ng-untouched ng-valid ng-isolate-scope ng-not-empty ng-valid-required aw-search-dirty'])[2]")
============================================================
  name='TimeoutError
  stack='TimeoutError: Timeout 30000ms exceeded.
=========================== logs ===========================
waiting for locator("xpath=(//input[@class='aw-jswidgets-choice gwt-ListBox ng-pristine ng-untouched ng-valid ng-isolate-scope ng-not-empty ng-valid-required aw-search-dirty'])[2]")
============================================================
    at ProgressController.run (C:\Users\fbtcuser\AppData\Local\Temp\playwright-java-6031812940847936406\package\lib\server\progress.js:88:26)
    at Frame.fill (C:\Users\fbtcuser\AppData\Local\Temp\playwright-java-6031812940847936406\package\lib\server\frames.js:1047:23)
    at FrameDispatcher.fill (C:\Users\fbtcuser\AppData\Local\Temp\playwright-java-6031812940847936406\package\lib\server\dispatchers\frameDispatcher.js:163:30)
    at DispatcherConnection.dispatch (C:\Users\fbtcuser\AppData\Local\Temp\playwright-java-6031812940847936406\package\lib\server\dispatchers\dispatcher.js:312:46)
}
at com.microsoft.playwright.impl.Connection.dispatch(Connection.java:224)
at com.microsoft.playwright.impl.Connection.processOneMessage(Connection.java:206)
at com.microsoft.playwright.impl.ChannelOwner.runUntil(ChannelOwner.java:109)
... 40 more
... Removed 27 stack frames]]>
    </failure>
  </testcase> <!-- enable_Using_SaveAs_EVT1_WIP -->
  <testcase classname="functional_Test_Cases.AWC003Enable_Using_SaveAs" name="enable_Using_SaveAs_EVT2_WIP" time="39.099">
    <failure type="com.microsoft.playwright.TimeoutError" message="Error {
  message=&amp;apos;Timeout 30000ms exceeded.
=========================== logs ===========================
waiting for locator(&amp;quot;xpath=(//input[@class=&amp;apos;aw-jswidgets-choice gwt-ListBox ng-pristine ng-untouched ng-valid ng-isolate-scope ng-not-empty ng-valid-required aw-search-dirty&amp;apos;])[2]&amp;quot;)
============================================================
  name=&amp;apos;TimeoutError
  stack=&amp;apos;TimeoutError: Timeout 30000ms exceeded.
=========================== logs ===========================
waiting for locator(&amp;quot;xpath=(//input[@class=&amp;apos;aw-jswidgets-choice gwt-ListBox ng-pristine ng-untouched ng-valid ng-isolate-scope ng-not-empty ng-valid-required aw-search-dirty&amp;apos;])[2]&amp;quot;)
============================================================
    at ProgressController.run (C:\Users\fbtcuser\AppData\Local\Temp\playwright-java-6031812940847936406\package\lib\server\progress.js:88:26)
    at Frame.fill (C:\Users\fbtcuser\AppData\Local\Temp\playwright-java-6031812940847936406\package\lib\server\frames.js:1047:23)
    at FrameDispatcher.fill (C:\Users\fbtcuser\AppData\Local\Temp\playwright-java-6031812940847936406\package\lib\server\dispatchers\frameDispatcher.js:163:30)
    at DispatcherConnection.dispatch (C:\Users\fbtcuser\AppData\Local\Temp\playwright-java-6031812940847936406\package\lib\server\dispatchers\dispatcher.js:312:46)
}">
      <![CDATA[com.microsoft.playwright.TimeoutError: Error {
  message='Timeout 30000ms exceeded.
=========================== logs ===========================
waiting for locator("xpath=(//input[@class='aw-jswidgets-choice gwt-ListBox ng-pristine ng-untouched ng-valid ng-isolate-scope ng-not-empty ng-valid-required aw-search-dirty'])[2]")
============================================================
  name='TimeoutError
  stack='TimeoutError: Timeout 30000ms exceeded.
=========================== logs ===========================
waiting for locator("xpath=(//input[@class='aw-jswidgets-choice gwt-ListBox ng-pristine ng-untouched ng-valid ng-isolate-scope ng-not-empty ng-valid-required aw-search-dirty'])[2]")
============================================================
    at ProgressController.run (C:\Users\fbtcuser\AppData\Local\Temp\playwright-java-6031812940847936406\package\lib\server\progress.js:88:26)
    at Frame.fill (C:\Users\fbtcuser\AppData\Local\Temp\playwright-java-6031812940847936406\package\lib\server\frames.js:1047:23)
    at FrameDispatcher.fill (C:\Users\fbtcuser\AppData\Local\Temp\playwright-java-6031812940847936406\package\lib\server\dispatchers\frameDispatcher.js:163:30)
    at DispatcherConnection.dispatch (C:\Users\fbtcuser\AppData\Local\Temp\playwright-java-6031812940847936406\package\lib\server\dispatchers\dispatcher.js:312:46)
}
at com.microsoft.playwright.impl.WaitableResult.get(WaitableResult.java:52)
at com.microsoft.playwright.impl.ChannelOwner.runUntil(ChannelOwner.java:111)
at com.microsoft.playwright.impl.Connection.sendMessage(Connection.java:126)
at com.microsoft.playwright.impl.ChannelOwner.sendMessage(ChannelOwner.java:102)
at com.microsoft.playwright.impl.FrameImpl.fillImpl(FrameImpl.java:335)
at com.microsoft.playwright.impl.PageImpl.lambda$fill$27(PageImpl.java:665)
at com.microsoft.playwright.impl.LoggingSupport.lambda$withLogging$0(LoggingSupport.java:36)
at com.microsoft.playwright.impl.LoggingSupport.withLogging(LoggingSupport.java:47)
at com.microsoft.playwright.impl.ChannelOwner.withLogging(ChannelOwner.java:87)
at com.microsoft.playwright.impl.LoggingSupport.withLogging(LoggingSupport.java:35)
at com.microsoft.playwright.impl.PageImpl.fill(PageImpl.java:664)
at com.microsoft.playwright.Page.fill(Page.java:4545)
at pages.SaveAsPage.saveAsNewItem(SaveAsPage.java:58)
at functional_Test_Cases.AWC003Enable_Using_SaveAs.enable_Using_SaveAs_EVT2_WIP(AWC003Enable_Using_SaveAs.java:166)
at java.base/java.util.ArrayList.forEach(ArrayList.java:1511)
Caused by: com.microsoft.playwright.TimeoutError: Error {
  message='Timeout 30000ms exceeded.
=========================== logs ===========================
waiting for locator("xpath=(//input[@class='aw-jswidgets-choice gwt-ListBox ng-pristine ng-untouched ng-valid ng-isolate-scope ng-not-empty ng-valid-required aw-search-dirty'])[2]")
============================================================
  name='TimeoutError
  stack='TimeoutError: Timeout 30000ms exceeded.
=========================== logs ===========================
waiting for locator("xpath=(//input[@class='aw-jswidgets-choice gwt-ListBox ng-pristine ng-untouched ng-valid ng-isolate-scope ng-not-empty ng-valid-required aw-search-dirty'])[2]")
============================================================
    at ProgressController.run (C:\Users\fbtcuser\AppData\Local\Temp\playwright-java-6031812940847936406\package\lib\server\progress.js:88:26)
    at Frame.fill (C:\Users\fbtcuser\AppData\Local\Temp\playwright-java-6031812940847936406\package\lib\server\frames.js:1047:23)
    at FrameDispatcher.fill (C:\Users\fbtcuser\AppData\Local\Temp\playwright-java-6031812940847936406\package\lib\server\dispatchers\frameDispatcher.js:163:30)
    at DispatcherConnection.dispatch (C:\Users\fbtcuser\AppData\Local\Temp\playwright-java-6031812940847936406\package\lib\server\dispatchers\dispatcher.js:312:46)
}
at com.microsoft.playwright.impl.Connection.dispatch(Connection.java:224)
at com.microsoft.playwright.impl.Connection.processOneMessage(Connection.java:206)
at com.microsoft.playwright.impl.ChannelOwner.runUntil(ChannelOwner.java:109)
... 40 more
... Removed 27 stack frames]]>
    </failure>
  </testcase> <!-- enable_Using_SaveAs_EVT2_WIP -->
  <testcase classname="functional_Test_Cases.AWC003Enable_Using_SaveAs" name="enable_Using_SaveAs_EVT3_WIP" time="39.313">
    <failure type="com.microsoft.playwright.TimeoutError" message="Error {
  message=&amp;apos;Timeout 30000ms exceeded.
=========================== logs ===========================
waiting for locator(&amp;quot;xpath=(//input[@class=&amp;apos;aw-jswidgets-choice gwt-ListBox ng-pristine ng-untouched ng-valid ng-isolate-scope ng-not-empty ng-valid-required aw-search-dirty&amp;apos;])[2]&amp;quot;)
============================================================
  name=&amp;apos;TimeoutError
  stack=&amp;apos;TimeoutError: Timeout 30000ms exceeded.
=========================== logs ===========================
waiting for locator(&amp;quot;xpath=(//input[@class=&amp;apos;aw-jswidgets-choice gwt-ListBox ng-pristine ng-untouched ng-valid ng-isolate-scope ng-not-empty ng-valid-required aw-search-dirty&amp;apos;])[2]&amp;quot;)
============================================================
    at ProgressController.run (C:\Users\fbtcuser\AppData\Local\Temp\playwright-java-6031812940847936406\package\lib\server\progress.js:88:26)
    at Frame.fill (C:\Users\fbtcuser\AppData\Local\Temp\playwright-java-6031812940847936406\package\lib\server\frames.js:1047:23)
    at FrameDispatcher.fill (C:\Users\fbtcuser\AppData\Local\Temp\playwright-java-6031812940847936406\package\lib\server\dispatchers\frameDispatcher.js:163:30)
    at DispatcherConnection.dispatch (C:\Users\fbtcuser\AppData\Local\Temp\playwright-java-6031812940847936406\package\lib\server\dispatchers\dispatcher.js:312:46)
}">
      <![CDATA[com.microsoft.playwright.TimeoutError: Error {
  message='Timeout 30000ms exceeded.
=========================== logs ===========================
waiting for locator("xpath=(//input[@class='aw-jswidgets-choice gwt-ListBox ng-pristine ng-untouched ng-valid ng-isolate-scope ng-not-empty ng-valid-required aw-search-dirty'])[2]")
============================================================
  name='TimeoutError
  stack='TimeoutError: Timeout 30000ms exceeded.
=========================== logs ===========================
waiting for locator("xpath=(//input[@class='aw-jswidgets-choice gwt-ListBox ng-pristine ng-untouched ng-valid ng-isolate-scope ng-not-empty ng-valid-required aw-search-dirty'])[2]")
============================================================
    at ProgressController.run (C:\Users\fbtcuser\AppData\Local\Temp\playwright-java-6031812940847936406\package\lib\server\progress.js:88:26)
    at Frame.fill (C:\Users\fbtcuser\AppData\Local\Temp\playwright-java-6031812940847936406\package\lib\server\frames.js:1047:23)
    at FrameDispatcher.fill (C:\Users\fbtcuser\AppData\Local\Temp\playwright-java-6031812940847936406\package\lib\server\dispatchers\frameDispatcher.js:163:30)
    at DispatcherConnection.dispatch (C:\Users\fbtcuser\AppData\Local\Temp\playwright-java-6031812940847936406\package\lib\server\dispatchers\dispatcher.js:312:46)
}
at com.microsoft.playwright.impl.WaitableResult.get(WaitableResult.java:52)
at com.microsoft.playwright.impl.ChannelOwner.runUntil(ChannelOwner.java:111)
at com.microsoft.playwright.impl.Connection.sendMessage(Connection.java:126)
at com.microsoft.playwright.impl.ChannelOwner.sendMessage(ChannelOwner.java:102)
at com.microsoft.playwright.impl.FrameImpl.fillImpl(FrameImpl.java:335)
at com.microsoft.playwright.impl.PageImpl.lambda$fill$27(PageImpl.java:665)
at com.microsoft.playwright.impl.LoggingSupport.lambda$withLogging$0(LoggingSupport.java:36)
at com.microsoft.playwright.impl.LoggingSupport.withLogging(LoggingSupport.java:47)
at com.microsoft.playwright.impl.ChannelOwner.withLogging(ChannelOwner.java:87)
at com.microsoft.playwright.impl.LoggingSupport.withLogging(LoggingSupport.java:35)
at com.microsoft.playwright.impl.PageImpl.fill(PageImpl.java:664)
at com.microsoft.playwright.Page.fill(Page.java:4545)
at pages.SaveAsPage.saveAsNewItem(SaveAsPage.java:58)
at functional_Test_Cases.AWC003Enable_Using_SaveAs.enable_Using_SaveAs_EVT3_WIP(AWC003Enable_Using_SaveAs.java:188)
at java.base/java.util.ArrayList.forEach(ArrayList.java:1511)
Caused by: com.microsoft.playwright.TimeoutError: Error {
  message='Timeout 30000ms exceeded.
=========================== logs ===========================
waiting for locator("xpath=(//input[@class='aw-jswidgets-choice gwt-ListBox ng-pristine ng-untouched ng-valid ng-isolate-scope ng-not-empty ng-valid-required aw-search-dirty'])[2]")
============================================================
  name='TimeoutError
  stack='TimeoutError: Timeout 30000ms exceeded.
=========================== logs ===========================
waiting for locator("xpath=(//input[@class='aw-jswidgets-choice gwt-ListBox ng-pristine ng-untouched ng-valid ng-isolate-scope ng-not-empty ng-valid-required aw-search-dirty'])[2]")
============================================================
    at ProgressController.run (C:\Users\fbtcuser\AppData\Local\Temp\playwright-java-6031812940847936406\package\lib\server\progress.js:88:26)
    at Frame.fill (C:\Users\fbtcuser\AppData\Local\Temp\playwright-java-6031812940847936406\package\lib\server\frames.js:1047:23)
    at FrameDispatcher.fill (C:\Users\fbtcuser\AppData\Local\Temp\playwright-java-6031812940847936406\package\lib\server\dispatchers\frameDispatcher.js:163:30)
    at DispatcherConnection.dispatch (C:\Users\fbtcuser\AppData\Local\Temp\playwright-java-6031812940847936406\package\lib\server\dispatchers\dispatcher.js:312:46)
}
at com.microsoft.playwright.impl.Connection.dispatch(Connection.java:224)
at com.microsoft.playwright.impl.Connection.processOneMessage(Connection.java:206)
at com.microsoft.playwright.impl.ChannelOwner.runUntil(ChannelOwner.java:109)
... 40 more
... Removed 27 stack frames]]>
    </failure>
  </testcase> <!-- enable_Using_SaveAs_EVT3_WIP -->
  <testcase classname="functional_Test_Cases.AWC003Enable_Using_SaveAs" name="enable_Using_SaveAs_DVT1_WIP" time="38.676">
    <failure type="com.microsoft.playwright.TimeoutError" message="Error {
  message=&amp;apos;Timeout 30000ms exceeded.
=========================== logs ===========================
waiting for locator(&amp;quot;xpath=(//input[@class=&amp;apos;aw-jswidgets-choice gwt-ListBox ng-pristine ng-untouched ng-valid ng-isolate-scope ng-not-empty ng-valid-required aw-search-dirty&amp;apos;])[2]&amp;quot;)
============================================================
  name=&amp;apos;TimeoutError
  stack=&amp;apos;TimeoutError: Timeout 30000ms exceeded.
=========================== logs ===========================
waiting for locator(&amp;quot;xpath=(//input[@class=&amp;apos;aw-jswidgets-choice gwt-ListBox ng-pristine ng-untouched ng-valid ng-isolate-scope ng-not-empty ng-valid-required aw-search-dirty&amp;apos;])[2]&amp;quot;)
============================================================
    at ProgressController.run (C:\Users\fbtcuser\AppData\Local\Temp\playwright-java-6031812940847936406\package\lib\server\progress.js:88:26)
    at Frame.fill (C:\Users\fbtcuser\AppData\Local\Temp\playwright-java-6031812940847936406\package\lib\server\frames.js:1047:23)
    at FrameDispatcher.fill (C:\Users\fbtcuser\AppData\Local\Temp\playwright-java-6031812940847936406\package\lib\server\dispatchers\frameDispatcher.js:163:30)
    at DispatcherConnection.dispatch (C:\Users\fbtcuser\AppData\Local\Temp\playwright-java-6031812940847936406\package\lib\server\dispatchers\dispatcher.js:312:46)
}">
      <![CDATA[com.microsoft.playwright.TimeoutError: Error {
  message='Timeout 30000ms exceeded.
=========================== logs ===========================
waiting for locator("xpath=(//input[@class='aw-jswidgets-choice gwt-ListBox ng-pristine ng-untouched ng-valid ng-isolate-scope ng-not-empty ng-valid-required aw-search-dirty'])[2]")
============================================================
  name='TimeoutError
  stack='TimeoutError: Timeout 30000ms exceeded.
=========================== logs ===========================
waiting for locator("xpath=(//input[@class='aw-jswidgets-choice gwt-ListBox ng-pristine ng-untouched ng-valid ng-isolate-scope ng-not-empty ng-valid-required aw-search-dirty'])[2]")
============================================================
    at ProgressController.run (C:\Users\fbtcuser\AppData\Local\Temp\playwright-java-6031812940847936406\package\lib\server\progress.js:88:26)
    at Frame.fill (C:\Users\fbtcuser\AppData\Local\Temp\playwright-java-6031812940847936406\package\lib\server\frames.js:1047:23)
    at FrameDispatcher.fill (C:\Users\fbtcuser\AppData\Local\Temp\playwright-java-6031812940847936406\package\lib\server\dispatchers\frameDispatcher.js:163:30)
    at DispatcherConnection.dispatch (C:\Users\fbtcuser\AppData\Local\Temp\playwright-java-6031812940847936406\package\lib\server\dispatchers\dispatcher.js:312:46)
}
at com.microsoft.playwright.impl.WaitableResult.get(WaitableResult.java:52)
at com.microsoft.playwright.impl.ChannelOwner.runUntil(ChannelOwner.java:111)
at com.microsoft.playwright.impl.Connection.sendMessage(Connection.java:126)
at com.microsoft.playwright.impl.ChannelOwner.sendMessage(ChannelOwner.java:102)
at com.microsoft.playwright.impl.FrameImpl.fillImpl(FrameImpl.java:335)
at com.microsoft.playwright.impl.PageImpl.lambda$fill$27(PageImpl.java:665)
at com.microsoft.playwright.impl.LoggingSupport.lambda$withLogging$0(LoggingSupport.java:36)
at com.microsoft.playwright.impl.LoggingSupport.withLogging(LoggingSupport.java:47)
at com.microsoft.playwright.impl.ChannelOwner.withLogging(ChannelOwner.java:87)
at com.microsoft.playwright.impl.LoggingSupport.withLogging(LoggingSupport.java:35)
at com.microsoft.playwright.impl.PageImpl.fill(PageImpl.java:664)
at com.microsoft.playwright.Page.fill(Page.java:4545)
at pages.SaveAsPage.saveAsNewItem(SaveAsPage.java:58)
at functional_Test_Cases.AWC003Enable_Using_SaveAs.enable_Using_SaveAs_DVT1_WIP(AWC003Enable_Using_SaveAs.java:210)
at java.base/java.util.ArrayList.forEach(ArrayList.java:1511)
Caused by: com.microsoft.playwright.TimeoutError: Error {
  message='Timeout 30000ms exceeded.
=========================== logs ===========================
waiting for locator("xpath=(//input[@class='aw-jswidgets-choice gwt-ListBox ng-pristine ng-untouched ng-valid ng-isolate-scope ng-not-empty ng-valid-required aw-search-dirty'])[2]")
============================================================
  name='TimeoutError
  stack='TimeoutError: Timeout 30000ms exceeded.
=========================== logs ===========================
waiting for locator("xpath=(//input[@class='aw-jswidgets-choice gwt-ListBox ng-pristine ng-untouched ng-valid ng-isolate-scope ng-not-empty ng-valid-required aw-search-dirty'])[2]")
============================================================
    at ProgressController.run (C:\Users\fbtcuser\AppData\Local\Temp\playwright-java-6031812940847936406\package\lib\server\progress.js:88:26)
    at Frame.fill (C:\Users\fbtcuser\AppData\Local\Temp\playwright-java-6031812940847936406\package\lib\server\frames.js:1047:23)
    at FrameDispatcher.fill (C:\Users\fbtcuser\AppData\Local\Temp\playwright-java-6031812940847936406\package\lib\server\dispatchers\frameDispatcher.js:163:30)
    at DispatcherConnection.dispatch (C:\Users\fbtcuser\AppData\Local\Temp\playwright-java-6031812940847936406\package\lib\server\dispatchers\dispatcher.js:312:46)
}
at com.microsoft.playwright.impl.Connection.dispatch(Connection.java:224)
at com.microsoft.playwright.impl.Connection.processOneMessage(Connection.java:206)
at com.microsoft.playwright.impl.ChannelOwner.runUntil(ChannelOwner.java:109)
... 40 more
... Removed 27 stack frames]]>
    </failure>
  </testcase> <!-- enable_Using_SaveAs_DVT1_WIP -->
  <testcase classname="functional_Test_Cases.AWC003Enable_Using_SaveAs" name="enable_Using_SaveAs_DVT2_WIP" time="38.936">
    <failure type="com.microsoft.playwright.TimeoutError" message="Error {
  message=&amp;apos;Timeout 30000ms exceeded.
=========================== logs ===========================
waiting for locator(&amp;quot;xpath=(//input[@class=&amp;apos;aw-jswidgets-choice gwt-ListBox ng-pristine ng-untouched ng-valid ng-isolate-scope ng-not-empty ng-valid-required aw-search-dirty&amp;apos;])[2]&amp;quot;)
============================================================
  name=&amp;apos;TimeoutError
  stack=&amp;apos;TimeoutError: Timeout 30000ms exceeded.
=========================== logs ===========================
waiting for locator(&amp;quot;xpath=(//input[@class=&amp;apos;aw-jswidgets-choice gwt-ListBox ng-pristine ng-untouched ng-valid ng-isolate-scope ng-not-empty ng-valid-required aw-search-dirty&amp;apos;])[2]&amp;quot;)
============================================================
    at ProgressController.run (C:\Users\fbtcuser\AppData\Local\Temp\playwright-java-6031812940847936406\package\lib\server\progress.js:88:26)
    at Frame.fill (C:\Users\fbtcuser\AppData\Local\Temp\playwright-java-6031812940847936406\package\lib\server\frames.js:1047:23)
    at FrameDispatcher.fill (C:\Users\fbtcuser\AppData\Local\Temp\playwright-java-6031812940847936406\package\lib\server\dispatchers\frameDispatcher.js:163:30)
    at DispatcherConnection.dispatch (C:\Users\fbtcuser\AppData\Local\Temp\playwright-java-6031812940847936406\package\lib\server\dispatchers\dispatcher.js:312:46)
}">
      <![CDATA[com.microsoft.playwright.TimeoutError: Error {
  message='Timeout 30000ms exceeded.
=========================== logs ===========================
waiting for locator("xpath=(//input[@class='aw-jswidgets-choice gwt-ListBox ng-pristine ng-untouched ng-valid ng-isolate-scope ng-not-empty ng-valid-required aw-search-dirty'])[2]")
============================================================
  name='TimeoutError
  stack='TimeoutError: Timeout 30000ms exceeded.
=========================== logs ===========================
waiting for locator("xpath=(//input[@class='aw-jswidgets-choice gwt-ListBox ng-pristine ng-untouched ng-valid ng-isolate-scope ng-not-empty ng-valid-required aw-search-dirty'])[2]")
============================================================
    at ProgressController.run (C:\Users\fbtcuser\AppData\Local\Temp\playwright-java-6031812940847936406\package\lib\server\progress.js:88:26)
    at Frame.fill (C:\Users\fbtcuser\AppData\Local\Temp\playwright-java-6031812940847936406\package\lib\server\frames.js:1047:23)
    at FrameDispatcher.fill (C:\Users\fbtcuser\AppData\Local\Temp\playwright-java-6031812940847936406\package\lib\server\dispatchers\frameDispatcher.js:163:30)
    at DispatcherConnection.dispatch (C:\Users\fbtcuser\AppData\Local\Temp\playwright-java-6031812940847936406\package\lib\server\dispatchers\dispatcher.js:312:46)
}
at com.microsoft.playwright.impl.WaitableResult.get(WaitableResult.java:52)
at com.microsoft.playwright.impl.ChannelOwner.runUntil(ChannelOwner.java:111)
at com.microsoft.playwright.impl.Connection.sendMessage(Connection.java:126)
at com.microsoft.playwright.impl.ChannelOwner.sendMessage(ChannelOwner.java:102)
at com.microsoft.playwright.impl.FrameImpl.fillImpl(FrameImpl.java:335)
at com.microsoft.playwright.impl.PageImpl.lambda$fill$27(PageImpl.java:665)
at com.microsoft.playwright.impl.LoggingSupport.lambda$withLogging$0(LoggingSupport.java:36)
at com.microsoft.playwright.impl.LoggingSupport.withLogging(LoggingSupport.java:47)
at com.microsoft.playwright.impl.ChannelOwner.withLogging(ChannelOwner.java:87)
at com.microsoft.playwright.impl.LoggingSupport.withLogging(LoggingSupport.java:35)
at com.microsoft.playwright.impl.PageImpl.fill(PageImpl.java:664)
at com.microsoft.playwright.Page.fill(Page.java:4545)
at pages.SaveAsPage.saveAsNewItem(SaveAsPage.java:58)
at functional_Test_Cases.AWC003Enable_Using_SaveAs.enable_Using_SaveAs_DVT2_WIP(AWC003Enable_Using_SaveAs.java:232)
at java.base/java.util.ArrayList.forEach(ArrayList.java:1511)
Caused by: com.microsoft.playwright.TimeoutError: Error {
  message='Timeout 30000ms exceeded.
=========================== logs ===========================
waiting for locator("xpath=(//input[@class='aw-jswidgets-choice gwt-ListBox ng-pristine ng-untouched ng-valid ng-isolate-scope ng-not-empty ng-valid-required aw-search-dirty'])[2]")
============================================================
  name='TimeoutError
  stack='TimeoutError: Timeout 30000ms exceeded.
=========================== logs ===========================
waiting for locator("xpath=(//input[@class='aw-jswidgets-choice gwt-ListBox ng-pristine ng-untouched ng-valid ng-isolate-scope ng-not-empty ng-valid-required aw-search-dirty'])[2]")
============================================================
    at ProgressController.run (C:\Users\fbtcuser\AppData\Local\Temp\playwright-java-6031812940847936406\package\lib\server\progress.js:88:26)
    at Frame.fill (C:\Users\fbtcuser\AppData\Local\Temp\playwright-java-6031812940847936406\package\lib\server\frames.js:1047:23)
    at FrameDispatcher.fill (C:\Users\fbtcuser\AppData\Local\Temp\playwright-java-6031812940847936406\package\lib\server\dispatchers\frameDispatcher.js:163:30)
    at DispatcherConnection.dispatch (C:\Users\fbtcuser\AppData\Local\Temp\playwright-java-6031812940847936406\package\lib\server\dispatchers\dispatcher.js:312:46)
}
at com.microsoft.playwright.impl.Connection.dispatch(Connection.java:224)
at com.microsoft.playwright.impl.Connection.processOneMessage(Connection.java:206)
at com.microsoft.playwright.impl.ChannelOwner.runUntil(ChannelOwner.java:109)
... 40 more
... Removed 27 stack frames]]>
    </failure>
  </testcase> <!-- enable_Using_SaveAs_DVT2_WIP -->
  <testcase classname="functional_Test_Cases.AWC003Enable_Using_SaveAs" name="enable_Using_SaveAs_DVT3_WIP" time="38.926">
    <failure type="com.microsoft.playwright.TimeoutError" message="Error {
  message=&amp;apos;Timeout 30000ms exceeded.
=========================== logs ===========================
waiting for locator(&amp;quot;xpath=(//input[@class=&amp;apos;aw-jswidgets-choice gwt-ListBox ng-pristine ng-untouched ng-valid ng-isolate-scope ng-not-empty ng-valid-required aw-search-dirty&amp;apos;])[2]&amp;quot;)
============================================================
  name=&amp;apos;TimeoutError
  stack=&amp;apos;TimeoutError: Timeout 30000ms exceeded.
=========================== logs ===========================
waiting for locator(&amp;quot;xpath=(//input[@class=&amp;apos;aw-jswidgets-choice gwt-ListBox ng-pristine ng-untouched ng-valid ng-isolate-scope ng-not-empty ng-valid-required aw-search-dirty&amp;apos;])[2]&amp;quot;)
============================================================
    at ProgressController.run (C:\Users\fbtcuser\AppData\Local\Temp\playwright-java-6031812940847936406\package\lib\server\progress.js:88:26)
    at Frame.fill (C:\Users\fbtcuser\AppData\Local\Temp\playwright-java-6031812940847936406\package\lib\server\frames.js:1047:23)
    at FrameDispatcher.fill (C:\Users\fbtcuser\AppData\Local\Temp\playwright-java-6031812940847936406\package\lib\server\dispatchers\frameDispatcher.js:163:30)
    at DispatcherConnection.dispatch (C:\Users\fbtcuser\AppData\Local\Temp\playwright-java-6031812940847936406\package\lib\server\dispatchers\dispatcher.js:312:46)
}">
      <![CDATA[com.microsoft.playwright.TimeoutError: Error {
  message='Timeout 30000ms exceeded.
=========================== logs ===========================
waiting for locator("xpath=(//input[@class='aw-jswidgets-choice gwt-ListBox ng-pristine ng-untouched ng-valid ng-isolate-scope ng-not-empty ng-valid-required aw-search-dirty'])[2]")
============================================================
  name='TimeoutError
  stack='TimeoutError: Timeout 30000ms exceeded.
=========================== logs ===========================
waiting for locator("xpath=(//input[@class='aw-jswidgets-choice gwt-ListBox ng-pristine ng-untouched ng-valid ng-isolate-scope ng-not-empty ng-valid-required aw-search-dirty'])[2]")
============================================================
    at ProgressController.run (C:\Users\fbtcuser\AppData\Local\Temp\playwright-java-6031812940847936406\package\lib\server\progress.js:88:26)
    at Frame.fill (C:\Users\fbtcuser\AppData\Local\Temp\playwright-java-6031812940847936406\package\lib\server\frames.js:1047:23)
    at FrameDispatcher.fill (C:\Users\fbtcuser\AppData\Local\Temp\playwright-java-6031812940847936406\package\lib\server\dispatchers\frameDispatcher.js:163:30)
    at DispatcherConnection.dispatch (C:\Users\fbtcuser\AppData\Local\Temp\playwright-java-6031812940847936406\package\lib\server\dispatchers\dispatcher.js:312:46)
}
at com.microsoft.playwright.impl.WaitableResult.get(WaitableResult.java:52)
at com.microsoft.playwright.impl.ChannelOwner.runUntil(ChannelOwner.java:111)
at com.microsoft.playwright.impl.Connection.sendMessage(Connection.java:126)
at com.microsoft.playwright.impl.ChannelOwner.sendMessage(ChannelOwner.java:102)
at com.microsoft.playwright.impl.FrameImpl.fillImpl(FrameImpl.java:335)
at com.microsoft.playwright.impl.PageImpl.lambda$fill$27(PageImpl.java:665)
at com.microsoft.playwright.impl.LoggingSupport.lambda$withLogging$0(LoggingSupport.java:36)
at com.microsoft.playwright.impl.LoggingSupport.withLogging(LoggingSupport.java:47)
at com.microsoft.playwright.impl.ChannelOwner.withLogging(ChannelOwner.java:87)
at com.microsoft.playwright.impl.LoggingSupport.withLogging(LoggingSupport.java:35)
at com.microsoft.playwright.impl.PageImpl.fill(PageImpl.java:664)
at com.microsoft.playwright.Page.fill(Page.java:4545)
at pages.SaveAsPage.saveAsNewItem(SaveAsPage.java:58)
at functional_Test_Cases.AWC003Enable_Using_SaveAs.enable_Using_SaveAs_DVT3_WIP(AWC003Enable_Using_SaveAs.java:254)
at java.base/java.util.ArrayList.forEach(ArrayList.java:1511)
Caused by: com.microsoft.playwright.TimeoutError: Error {
  message='Timeout 30000ms exceeded.
=========================== logs ===========================
waiting for locator("xpath=(//input[@class='aw-jswidgets-choice gwt-ListBox ng-pristine ng-untouched ng-valid ng-isolate-scope ng-not-empty ng-valid-required aw-search-dirty'])[2]")
============================================================
  name='TimeoutError
  stack='TimeoutError: Timeout 30000ms exceeded.
=========================== logs ===========================
waiting for locator("xpath=(//input[@class='aw-jswidgets-choice gwt-ListBox ng-pristine ng-untouched ng-valid ng-isolate-scope ng-not-empty ng-valid-required aw-search-dirty'])[2]")
============================================================
    at ProgressController.run (C:\Users\fbtcuser\AppData\Local\Temp\playwright-java-6031812940847936406\package\lib\server\progress.js:88:26)
    at Frame.fill (C:\Users\fbtcuser\AppData\Local\Temp\playwright-java-6031812940847936406\package\lib\server\frames.js:1047:23)
    at FrameDispatcher.fill (C:\Users\fbtcuser\AppData\Local\Temp\playwright-java-6031812940847936406\package\lib\server\dispatchers\frameDispatcher.js:163:30)
    at DispatcherConnection.dispatch (C:\Users\fbtcuser\AppData\Local\Temp\playwright-java-6031812940847936406\package\lib\server\dispatchers\dispatcher.js:312:46)
}
at com.microsoft.playwright.impl.Connection.dispatch(Connection.java:224)
at com.microsoft.playwright.impl.Connection.processOneMessage(Connection.java:206)
at com.microsoft.playwright.impl.ChannelOwner.runUntil(ChannelOwner.java:109)
... 40 more
... Removed 27 stack frames]]>
    </failure>
  </testcase> <!-- enable_Using_SaveAs_DVT3_WIP -->
  <testcase classname="functional_Test_Cases.AWC003Enable_Using_SaveAs" name="enable_Using_SaveAs_PVT1_WIP" time="38.672">
    <failure type="com.microsoft.playwright.TimeoutError" message="Error {
  message=&amp;apos;Timeout 30000ms exceeded.
=========================== logs ===========================
waiting for locator(&amp;quot;xpath=(//input[@class=&amp;apos;aw-jswidgets-choice gwt-ListBox ng-pristine ng-untouched ng-valid ng-isolate-scope ng-not-empty ng-valid-required aw-search-dirty&amp;apos;])[2]&amp;quot;)
============================================================
  name=&amp;apos;TimeoutError
  stack=&amp;apos;TimeoutError: Timeout 30000ms exceeded.
=========================== logs ===========================
[...]
at com.microsoft.playwright.impl.ChannelOwner.withLogging(ChannelOwner.java:87)
at com.microsoft.playwright.impl.LoggingSupport.withLogging(LoggingSupport.java:35)
at com.microsoft.playwright.impl.PageImpl.fill(PageImpl.java:664)
at com.microsoft.playwright.Page.fill(Page.java:4545)
at pages.Submit_To_Workflow_Popup.submit_To_Workflow(Submit_To_Workflow_Popup.java:31)
at functional_Test_Cases.AWC005Submit_To_Workflow.DVT3_Release(AWC005Submit_To_Workflow.java:399)
at java.base/java.util.ArrayList.forEach(ArrayList.java:1511)
Caused by: com.microsoft.playwright.impl.DriverException: Error {
  message='value: expected string, got undefined
  name='Error
  stack='Error: value: expected string, got undefined
    at tString (C:\Users\fbtcuser\AppData\Local\Temp\playwright-java-6031812940847936406\package\lib\protocol\validatorPrimitives.js:59:9)
    at C:\Users\fbtcuser\AppData\Local\Temp\playwright-java-6031812940847936406\package\lib\protocol\validatorPrimitives.js:108:21
    at DispatcherConnection.dispatch (C:\Users\fbtcuser\AppData\Local\Temp\playwright-java-6031812940847936406\package\lib\server\dispatchers\dispatcher.js:234:21)
    at transport.onmessage (C:\Users\fbtcuser\AppData\Local\Temp\playwright-java-6031812940847936406\package\lib\cli\driver.js:52:57)
    at Immediate._onImmediate (C:\Users\fbtcuser\AppData\Local\Temp\playwright-java-6031812940847936406\package\lib\protocol\transport.js:77:34)
    at process.processImmediate (node:internal/timers:476:21)
}
at com.microsoft.playwright.impl.Connection.dispatch(Connection.java:226)
at com.microsoft.playwright.impl.Connection.processOneMessage(Connection.java:206)
at com.microsoft.playwright.impl.ChannelOwner.runUntil(ChannelOwner.java:109)
... 40 more
... Removed 27 stack frames]]>
    </failure>
  </testcase> <!-- DVT3_Release -->
  <testcase classname="functional_Test_Cases.AWC005Submit_To_Workflow" name="PVT1_Release" time="28.001"/>
  <testcase classname="functional_Test_Cases.AWC005Submit_To_Workflow" name="PVT2_Release" time="28.463">
    <failure type="com.microsoft.playwright.PlaywrightException" message="Error {
  message=&amp;apos;value: expected string, got undefined
  name=&amp;apos;Error
  stack=&amp;apos;Error: value: expected string, got undefined
    at tString (C:\Users\fbtcuser\AppData\Local\Temp\playwright-java-6031812940847936406\package\lib\protocol\validatorPrimitives.js:59:9)
    at C:\Users\fbtcuser\AppData\Local\Temp\playwright-java-6031812940847936406\package\lib\protocol\validatorPrimitives.js:108:21
    at DispatcherConnection.dispatch (C:\Users\fbtcuser\AppData\Local\Temp\playwright-java-6031812940847936406\package\lib\server\dispatchers\dispatcher.js:234:21)
    at transport.onmessage (C:\Users\fbtcuser\AppData\Local\Temp\playwright-java-6031812940847936406\package\lib\cli\driver.js:52:57)
    at Immediate._onImmediate (C:\Users\fbtcuser\AppData\Local\Temp\playwright-java-6031812940847936406\package\lib\protocol\transport.js:77:34)
    at process.processImmediate (node:internal/timers:476:21)
}">
      <![CDATA[com.microsoft.playwright.PlaywrightException: Error {
  message='value: expected string, got undefined
  name='Error
  stack='Error: value: expected string, got undefined
    at tString (C:\Users\fbtcuser\AppData\Local\Temp\playwright-java-6031812940847936406\package\lib\protocol\validatorPrimitives.js:59:9)
    at C:\Users\fbtcuser\AppData\Local\Temp\playwright-java-6031812940847936406\package\lib\protocol\validatorPrimitives.js:108:21
    at DispatcherConnection.dispatch (C:\Users\fbtcuser\AppData\Local\Temp\playwright-java-6031812940847936406\package\lib\server\dispatchers\dispatcher.js:234:21)
    at transport.onmessage (C:\Users\fbtcuser\AppData\Local\Temp\playwright-java-6031812940847936406\package\lib\cli\driver.js:52:57)
    at Immediate._onImmediate (C:\Users\fbtcuser\AppData\Local\Temp\playwright-java-6031812940847936406\package\lib\protocol\transport.js:77:34)
    at process.processImmediate (node:internal/timers:476:21)
}
at com.microsoft.playwright.impl.WaitableResult.get(WaitableResult.java:54)
at com.microsoft.playwright.impl.ChannelOwner.runUntil(ChannelOwner.java:111)
at com.microsoft.playwright.impl.Connection.sendMessage(Connection.java:126)
at com.microsoft.playwright.impl.ChannelOwner.sendMessage(ChannelOwner.java:102)
at com.microsoft.playwright.impl.FrameImpl.fillImpl(FrameImpl.java:335)
at com.microsoft.playwright.impl.PageImpl.lambda$fill$27(PageImpl.java:665)
at com.microsoft.playwright.impl.LoggingSupport.lambda$withLogging$0(LoggingSupport.java:36)
at com.microsoft.playwright.impl.LoggingSupport.withLogging(LoggingSupport.java:47)
at com.microsoft.playwright.impl.ChannelOwner.withLogging(ChannelOwner.java:87)
at com.microsoft.playwright.impl.LoggingSupport.withLogging(LoggingSupport.java:35)
at com.microsoft.playwright.impl.PageImpl.fill(PageImpl.java:664)
at com.microsoft.playwright.Page.fill(Page.java:4545)
at pages.Submit_To_Workflow_Popup.submit_To_Workflow(Submit_To_Workflow_Popup.java:31)
at functional_Test_Cases.AWC005Submit_To_Workflow.PVT2_Release(AWC005Submit_To_Workflow.java:477)
at java.base/java.util.ArrayList.forEach(ArrayList.java:1511)
Caused by: com.microsoft.playwright.impl.DriverException: Error {
  message='value: expected string, got undefined
  name='Error
  stack='Error: value: expected string, got undefined
    at tString (C:\Users\fbtcuser\AppData\Local\Temp\playwright-java-6031812940847936406\package\lib\protocol\validatorPrimitives.js:59:9)
    at C:\Users\fbtcuser\AppData\Local\Temp\playwright-java-6031812940847936406\package\lib\protocol\validatorPrimitives.js:108:21
    at DispatcherConnection.dispatch (C:\Users\fbtcuser\AppData\Local\Temp\playwright-java-6031812940847936406\package\lib\server\dispatchers\dispatcher.js:234:21)
    at transport.onmessage (C:\Users\fbtcuser\AppData\Local\Temp\playwright-java-6031812940847936406\package\lib\cli\driver.js:52:57)
    at Immediate._onImmediate (C:\Users\fbtcuser\AppData\Local\Temp\playwright-java-6031812940847936406\package\lib\protocol\transport.js:77:34)
    at process.processImmediate (node:internal/timers:476:21)
}
at com.microsoft.playwright.impl.Connection.dispatch(Connection.java:226)
at com.microsoft.playwright.impl.Connection.processOneMessage(Connection.java:206)
at com.microsoft.playwright.impl.ChannelOwner.runUntil(ChannelOwner.java:109)
... 40 more
... Removed 27 stack frames]]>
    </failure>
  </testcase> <!-- PVT2_Release -->
  <testcase classname="functional_Test_Cases.AWC006Freeze_Release_Status" name="genreal_WIP_To_EQR" time="28.247"/>
  <testcase classname="functional_Test_Cases.AWC006Freeze_Release_Status" name="p0_WIP_To_EQR" time="27.727"/>
  <testcase classname="functional_Test_Cases.AWC006Freeze_Release_Status" name="p1_WIP_To_EQR" time="28.395"/>
  <testcase classname="functional_Test_Cases.AWC006Freeze_Release_Status" name="p2_WIP_To_EQR" time="28.285"/>
  <testcase classname="functional_Test_Cases.AWC006Freeze_Release_Status" name="p3_WIP_To_EQR" time="28.031"/>
  <testcase classname="functional_Test_Cases.AWC006Freeze_Release_Status" name="dVT1_WIP_To_EQR" time="28.679"/>
  <testcase classname="functional_Test_Cases.AWC006Freeze_Release_Status" name="dVT2_WIP_To_EQR" time="28.629"/>
  <testcase classname="functional_Test_Cases.AWC006Freeze_Release_Status" name="Dvt3_WIP_To_EQR" time="28.598"/>
  <testcase classname="functional_Test_Cases.AWC006Freeze_Release_Status" name="eVT1_WIP_To_EQR" time="28.748"/>
  <testcase classname="functional_Test_Cases.AWC006Freeze_Release_Status" name="eVT2_WIP_To_EQR" time="28.678"/>
  <testcase classname="functional_Test_Cases.AWC006Freeze_Release_Status" name="eVT3_WIP_To_EQR" time="28.47"/>
  <testcase classname="functional_Test_Cases.AWC006Freeze_Release_Status" name="pVT1_WIP_To_EQR" time="28.83"/>
  <testcase classname="functional_Test_Cases.AWC006Freeze_Release_Status" name="pVT2_WIP_To_EQR" time="30.286"/>
  <testcase classname="functional_Test_Cases.AWC007MP_Release" name="general_WIP_To_MP" time="30.614"/>
  <testcase classname="functional_Test_Cases.AWC007MP_Release" name="p0_WIP_To_MP" time="30.617"/>
  <testcase classname="functional_Test_Cases.AWC007MP_Release" name="p1_WIP_To_MP" time="29.841"/>
  <testcase classname="functional_Test_Cases.AWC007MP_Release" name="p2_WIP_To_MP" time="29.294"/>
  <testcase classname="functional_Test_Cases.AWC007MP_Release" name="p3_WIP_To_MP" time="29.699"/>
  <testcase classname="functional_Test_Cases.AWC007MP_Release" name="dVT1_WIP_To_MP" time="29.923"/>
  <testcase classname="functional_Test_Cases.AWC007MP_Release" name="dVT2_WIP_To_MP" time="29.708"/>
  <testcase classname="functional_Test_Cases.AWC007MP_Release" name="Dvt3_WIP_To_MP" time="29.949"/>
  <testcase classname="functional_Test_Cases.AWC007MP_Release" name="eVT1_WIP_To_MP" time="29.851"/>
  <testcase classname="functional_Test_Cases.AWC007MP_Release" name="eVT2_WIP_To_MP" time="30.155"/>
  <testcase classname="functional_Test_Cases.AWC007MP_Release" name="eVT3_WIP_To_MP" time="29.955"/>
  <testcase classname="functional_Test_Cases.AWC007MP_Release" name="pVT1_WIP_To_MP" time="30.051"/>
  <testcase classname="functional_Test_Cases.AWC007MP_Release" name="pVT2_WIP_To_MP" time="29.392"/>
  <testcase classname="functional_Test_Cases.AWC008_Create_BOM_Structure" name="create_BOM" time="54.404">
    <failure type="com.microsoft.playwright.TimeoutError" message="Error {
  message=&amp;apos;Timeout 30000ms exceeded.
=========================== logs ===========================
waiting for locator(&amp;quot;xpath=(//div[@class=&amp;apos;aw-splm-tableCellText&amp;apos;])[1]&amp;quot;)
============================================================
  name=&amp;apos;TimeoutError
  stack=&amp;apos;TimeoutError: Timeout 30000ms exceeded.
=========================== logs ===========================
waiting for locator(&amp;quot;xpath=(//div[@class=&amp;apos;aw-splm-tableCellText&amp;apos;])[1]&amp;quot;)
============================================================
    at ProgressController.run (C:\Users\fbtcuser\AppData\Local\Temp\playwright-java-6031812940847936406\package\lib\server\progress.js:88:26)
    at Frame.click (C:\Users\fbtcuser\AppData\Local\Temp\playwright-java-6031812940847936406\package\lib\server\frames.js:1003:23)
    at FrameDispatcher.click (C:\Users\fbtcuser\AppData\Local\Temp\playwright-java-6031812940847936406\package\lib\server\dispatchers\frameDispatcher.js:151:30)
    at DispatcherConnection.dispatch (C:\Users\fbtcuser\AppData\Local\Temp\playwright-java-6031812940847936406\package\lib\server\dispatchers\dispatcher.js:312:46)
}">
      <![CDATA[com.microsoft.playwright.TimeoutError: Error {
  message='Timeout 30000ms exceeded.
=========================== logs ===========================
waiting for locator("xpath=(//div[@class='aw-splm-tableCellText'])[1]")
============================================================
  name='TimeoutError
  stack='TimeoutError: Timeout 30000ms exceeded.
=========================== logs ===========================
waiting for locator("xpath=(//div[@class='aw-splm-tableCellText'])[1]")
============================================================
    at ProgressController.run (C:\Users\fbtcuser\AppData\Local\Temp\playwright-java-6031812940847936406\package\lib\server\progress.js:88:26)
    at Frame.click (C:\Users\fbtcuser\AppData\Local\Temp\playwright-java-6031812940847936406\package\lib\server\frames.js:1003:23)
    at FrameDispatcher.click (C:\Users\fbtcuser\AppData\Local\Temp\playwright-java-6031812940847936406\package\lib\server\dispatchers\frameDispatcher.js:151:30)
    at DispatcherConnection.dispatch (C:\Users\fbtcuser\AppData\Local\Temp\playwright-java-6031812940847936406\package\lib\server\dispatchers\dispatcher.js:312:46)
}
at com.microsoft.playwright.impl.WaitableResult.get(WaitableResult.java:52)
at com.microsoft.playwright.impl.ChannelOwner.runUntil(ChannelOwner.java:111)
at com.microsoft.playwright.impl.Connection.sendMessage(Connection.java:126)
at com.microsoft.playwright.impl.ChannelOwner.sendMessage(ChannelOwner.java:102)
at com.microsoft.playwright.impl.FrameImpl.clickImpl(FrameImpl.java:252)
at com.microsoft.playwright.impl.PageImpl.lambda$click$17(PageImpl.java:586)
at com.microsoft.playwright.impl.LoggingSupport.lambda$withLogging$0(LoggingSupport.java:36)
at com.microsoft.playwright.impl.LoggingSupport.withLogging(LoggingSupport.java:47)
at com.microsoft.playwright.impl.ChannelOwner.withLogging(ChannelOwner.java:87)
at com.microsoft.playwright.impl.LoggingSupport.withLogging(LoggingSupport.java:35)
at com.microsoft.playwright.impl.PageImpl.click(PageImpl.java:585)
at com.microsoft.playwright.Page.click(Page.java:3741)
at pages.ContentPage.clickFirstItemInTable(ContentPage.java:44)
at functional_Test_Cases.AWC008_Create_BOM_Structure.create_BOM(AWC008_Create_BOM_Structure.java:46)
at java.base/java.util.ArrayList.forEach(ArrayList.java:1511)
Caused by: com.microsoft.playwright.TimeoutError: Error {
  message='Timeout 30000ms exceeded.
=========================== logs ===========================
waiting for locator("xpath=(//div[@class='aw-splm-tableCellText'])[1]")
============================================================
  name='TimeoutError
  stack='TimeoutError: Timeout 30000ms exceeded.
=========================== logs ===========================
waiting for locator("xpath=(//div[@class='aw-splm-tableCellText'])[1]")
============================================================
    at ProgressController.run (C:\Users\fbtcuser\AppData\Local\Temp\playwright-java-6031812940847936406\package\lib\server\progress.js:88:26)
    at Frame.click (C:\Users\fbtcuser\AppData\Local\Temp\playwright-java-6031812940847936406\package\lib\server\frames.js:1003:23)
    at FrameDispatcher.click (C:\Users\fbtcuser\AppData\Local\Temp\playwright-java-6031812940847936406\package\lib\server\dispatchers\frameDispatcher.js:151:30)
    at DispatcherConnection.dispatch (C:\Users\fbtcuser\AppData\Local\Temp\playwright-java-6031812940847936406\package\lib\server\dispatchers\dispatcher.js:312:46)
}
at com.microsoft.playwright.impl.Connection.dispatch(Connection.java:224)
at com.microsoft.playwright.impl.Connection.processOneMessage(Connection.java:206)
at com.microsoft.playwright.impl.ChannelOwner.runUntil(ChannelOwner.java:109)
... 40 more
... Removed 27 stack frames]]>
    </failure>
  </testcase> <!-- create_BOM -->
  <testcase classname="functional_Test_Cases.AWC009_Configuration" name="configuration_P1_WIP" time="36.559">
    <failure type="com.microsoft.playwright.TimeoutError" message="Error {
  message=&amp;apos;Timeout 30000ms exceeded.
=========================== logs ===========================
waiting for locator(&amp;quot;xpath=//div[@class=&amp;apos;aw-splm-tableCellTop&amp;apos;]/img&amp;quot;)
============================================================
  name=&amp;apos;TimeoutError
  stack=&amp;apos;TimeoutError: Timeout 30000ms exceeded.
=========================== logs ===========================
waiting for locator(&amp;quot;xpath=//div[@class=&amp;apos;aw-splm-tableCellTop&amp;apos;]/img&amp;quot;)
============================================================
    at ProgressController.run (C:\Users\fbtcuser\AppData\Local\Temp\playwright-java-6031812940847936406\package\lib\server\progress.js:88:26)
    at Frame._callOnElementOnceMatches (C:\Users\fbtcuser\AppData\Local\Temp\playwright-java-6031812940847936406\package\lib\server\frames.js:1406:23)
    at Frame.getAttribute (C:\Users\fbtcuser\AppData\Local\Temp\playwright-java-6031812940847936406\package\lib\server\frames.js:1076:17)
    at FrameDispatcher.getAttribute (C:\Users\fbtcuser\AppData\Local\Temp\playwright-java-6031812940847936406\package\lib\server\dispatchers\frameDispatcher.js:188:37)
    at DispatcherConnection.dispatch (C:\Users\fbtcuser\AppData\Local\Temp\playwright-java-6031812940847936406\package\lib\server\dispatchers\dispatcher.js:312:46)
}">
      <![CDATA[com.microsoft.playwright.TimeoutError: Error {
  message='Timeout 30000ms exceeded.
=========================== logs ===========================
waiting for locator("xpath=//div[@class='aw-splm-tableCellTop']/img")
============================================================
  name='TimeoutError
  stack='TimeoutError: Timeout 30000ms exceeded.
=========================== logs ===========================
waiting for locator("xpath=//div[@class='aw-splm-tableCellTop']/img")
============================================================
    at ProgressController.run (C:\Users\fbtcuser\AppData\Local\Temp\playwright-java-6031812940847936406\package\lib\server\progress.js:88:26)
    at Frame._callOnElementOnceMatches (C:\Users\fbtcuser\AppData\Local\Temp\playwright-java-6031812940847936406\package\lib\server\frames.js:1406:23)
    at Frame.getAttribute (C:\Users\fbtcuser\AppData\Local\Temp\playwright-java-6031812940847936406\package\lib\server\frames.js:1076:17)
    at FrameDispatcher.getAttribute (C:\Users\fbtcuser\AppData\Local\Temp\playwright-java-6031812940847936406\package\lib\server\dispatchers\frameDispatcher.js:188:37)
    at DispatcherConnection.dispatch (C:\Users\fbtcuser\AppData\Local\Temp\playwright-java-6031812940847936406\package\lib\server\dispatchers\dispatcher.js:312:46)
}
at com.microsoft.playwright.impl.WaitableResult.get(WaitableResult.java:52)
at com.microsoft.playwright.impl.ChannelOwner.runUntil(ChannelOwner.java:111)
at com.microsoft.playwright.impl.Connection.sendMessage(Connection.java:126)
at com.microsoft.playwright.impl.ChannelOwner.sendMessage(ChannelOwner.java:102)
at com.microsoft.playwright.impl.FrameImpl.getAttributeImpl(FrameImpl.java:445)
at com.microsoft.playwright.impl.FrameImpl.lambda$getAttribute$17(FrameImpl.java:370)
at com.microsoft.playwright.impl.LoggingSupport.withLogging(LoggingSupport.java:47)
at com.microsoft.playwright.impl.ChannelOwner.withLogging(ChannelOwner.java:87)
at com.microsoft.playwright.impl.FrameImpl.getAttribute(FrameImpl.java:370)
at com.microsoft.playwright.impl.LocatorImpl.getAttribute(LocatorImpl.java:241)
at com.microsoft.playwright.Locator.getAttribute(Locator.java:2949)
at functional_Test_Cases.AWC009_Configuration.configuration_P1_WIP(AWC009_Configuration.java:34)
at java.base/java.util.ArrayList.forEach(ArrayList.java:1511)
Caused by: com.microsoft.playwright.TimeoutError: Error {
  message='Timeout 30000ms exceeded.
=========================== logs ===========================
waiting for locator("xpath=//div[@class='aw-splm-tableCellTop']/img")
============================================================
  name='TimeoutError
  stack='TimeoutError: Timeout 30000ms exceeded.
=========================== logs ===========================
waiting for locator("xpath=//div[@class='aw-splm-tableCellTop']/img")
============================================================
    at ProgressController.run (C:\Users\fbtcuser\AppData\Local\Temp\playwright-java-6031812940847936406\package\lib\server\progress.js:88:26)
    at Frame._callOnElementOnceMatches (C:\Users\fbtcuser\AppData\Local\Temp\playwright-java-6031812940847936406\package\lib\server\frames.js:1406:23)
    at Frame.getAttribute (C:\Users\fbtcuser\AppData\Local\Temp\playwright-java-6031812940847936406\package\lib\server\frames.js:1076:17)
    at FrameDispatcher.getAttribute (C:\Users\fbtcuser\AppData\Local\Temp\playwright-java-6031812940847936406\package\lib\server\dispatchers\frameDispatcher.js:188:37)
    at DispatcherConnection.dispatch (C:\Users\fbtcuser\AppData\Local\Temp\playwright-java-6031812940847936406\package\lib\server\dispatchers\dispatcher.js:312:46)
}
at com.microsoft.playwright.impl.Connection.dispatch(Connection.java:224)
at com.microsoft.playwright.impl.Connection.processOneMessage(Connection.java:206)
at com.microsoft.playwright.impl.ChannelOwner.runUntil(ChannelOwner.java:109)
... 38 more
... Removed 27 stack frames]]>
    </failure>
  </testcase> <!-- configuration_P1_WIP -->
</testsuite> <!-- Test -->
